Input Section
Ingredient[1]: zdmhtpg
Ingredient[2]: mlcvjc
Ingredient[3]: kgdvd
Ingredient[4]: htxvfq
Ingredient[5]: lxgxp
Ingredient[6]: kqxz
Ingredient[7]: pfhfb
Ingredient[8]: fnkdvt
Ingredient[9]: ccn
Ingredient[10]: vhbjp
Ingredient[11]: hqhnh
Ingredient[12]: xcljh
Ingredient[13]: ndnlm
Ingredient[14]: shc
Ingredient[15]: ncrn
Ingredient[16]: nrdtprm
Ingredient[17]: skrxt
Ingredient[18]: qrdpc
Ingredient[19]: dcvtrq
Ingredient[20]: gdmv
Ingredient[21]: nxcrg
Ingredient[22]: hhxch
Ingredient[23]: mv
Ingredient[24]: dscm
Ingredient[25]: qzln
Ingredient[26]: zjlz
Ingredient[27]: qkbm
Ingredient[28]: dmjzc
Ingredient[29]: fjqv
Ingredient[30]: jqlp
Ingredient[31]: zcxthb
Ingredient[32]: sdclrlb
Ingredient[33]: bbtn
Ingredient[34]: jrspd
Ingredient[35]: lqbcg
Ingredient[36]: gdljd
Ingredient[37]: mvtkk
Ingredient[38]: zbhp
Ingredient[39]: hcc
Ingredient[40]: ntbqk
Ingredient[41]: lvft
Ingredient[42]: glj
Ingredient[43]: fsr
Ingredient[44]: hnh
Ingredient[45]: nvnx
Ingredient[46]: dvjrrkv
Ingredient[47]: fdqp
Ingredient[48]: lctltv
Ingredient[49]: hjn
Ingredient[50]: mknsj
Ingredient[51]: gtsslgk
Toxin[1]: sesame
Toxin[2]: shellfish
Toxin[3]: dairy
zdmhtpg mlcvjc kgdvd htxvfq lxgxp kqxz pfhfb fnkdvt ccn vhbjp hqhnh xcljh ndnlm shc ncrn nrdtprm skrxt qrdpc dcvtrq gdmv nxcrg hhxch mv dscm qzln zjlz qkbm dmjzc fjqv jqlp zcxthb sdclrlb bbtn jrspd lqbcg gdljd mvtkk zbhp hcc ntbqk lvft glj fsr hnh nvnx dvjrrkv fdqp lctltv hjn mknsj gtsslgk (contains sesame, shellfish, dairy)
Ingredient[52]: gtdb
Ingredient[21]: nxcrg
Ingredient[53]: fzl
Ingredient[51]: gtsslgk
Ingredient[54]: sgdlhb
Ingredient[55]: fzckq
Ingredient[50]: mknsj
Ingredient[56]: kscd
Ingredient[57]: dgdn
Ingredient[58]: svzfl
Ingredient[2]: mlcvjc
Ingredient[40]: ntbqk
Ingredient[59]: ctkjrt
Ingredient[20]: gdmv
Ingredient[60]: tkvddn
Ingredient[61]: rzhktt
Ingredient[62]: zgcf
Ingredient[63]: jfm
Ingredient[64]: gzhlbn
Ingredient[65]: kphbtmkx
Ingredient[66]: mgbv
Ingredient[67]: pkrdz
Ingredient[43]: fsr
Ingredient[68]: drj
Ingredient[69]: lqgn
Ingredient[70]: tgkgj
Ingredient[13]: ndnlm
Ingredient[71]: zczht
Ingredient[72]: tlv
Ingredient[27]: qkbm
Ingredient[9]: ccn
Ingredient[22]: hhxch
Ingredient[73]: lgjsd
Ingredient[46]: dvjrrkv
Ingredient[74]: qfgbx
Ingredient[75]: rqxfdd
Ingredient[76]: hrtd
Ingredient[77]: ktsnt
Ingredient[78]: jmt
Ingredient[79]: kgfld
Ingredient[80]: mxm
Ingredient[81]: knfx
Ingredient[82]: kshg
Ingredient[83]: nhlxntg
Ingredient[1]: zdmhtpg
Ingredient[84]: qpp
Ingredient[23]: mv
Ingredient[85]: ssk
Ingredient[86]: tgxvz
Ingredient[87]: brjcp
Ingredient[17]: skrxt
Ingredient[88]: xjksh
Ingredient[89]: fsxf
Ingredient[90]: tpdc
Ingredient[91]: crjddsgj
Ingredient[92]: hcrsbr
Ingredient[93]: bgc
Ingredient[30]: jqlp
Ingredient[28]: dmjzc
Ingredient[94]: hxgdp
Ingredient[12]: xcljh
Ingredient[95]: xjqkbq
Ingredient[44]: hnh
Ingredient[96]: bsgnsc
Ingredient[97]: gqkf
Ingredient[98]: bzlnnv
Ingredient[99]: jjmmn
Ingredient[100]: gbmv
Ingredient[101]: zdqd
Ingredient[38]: zbhp
Toxin[3]: dairy
gtdb nxcrg fzl gtsslgk sgdlhb fzckq mknsj kscd dgdn svzfl mlcvjc ntbqk ctkjrt gdmv tkvddn rzhktt zgcf jfm gzhlbn kphbtmkx mgbv pkrdz fsr drj lqgn tgkgj ndnlm zczht tlv qkbm ccn hhxch lgjsd dvjrrkv qfgbx rqxfdd hrtd ktsnt jmt kgfld mxm knfx kshg nhlxntg zdmhtpg qpp mv ssk tgxvz brjcp skrxt xjksh fsxf tpdc crjddsgj hcrsbr bgc jqlp dmjzc hxgdp xcljh xjqkbq hnh bsgnsc gqkf bzlnnv jjmmn gbmv zdqd zbhp (contains dairy)
Ingredient[94]: hxgdp
Ingredient[102]: nkgzzg
Ingredient[86]: tgxvz
Ingredient[70]: tgkgj
Ingredient[11]: hqhnh
Ingredient[103]: fdjrml
Ingredient[104]: gnnzj
Ingredient[105]: fsxj
Ingredient[38]: zbhp
Ingredient[75]: rqxfdd
Ingredient[13]: ndnlm
Ingredient[43]: fsr
Ingredient[106]: nrgn
Ingredient[22]: hhxch
Ingredient[107]: gnq
Ingredient[108]: sgqrvd
Ingredient[109]: sm
Ingredient[110]: qjktms
Ingredient[99]: jjmmn
Ingredient[12]: xcljh
Ingredient[25]: qzln
Ingredient[30]: jqlp
Ingredient[21]: nxcrg
Ingredient[96]: bsgnsc
Ingredient[111]: jxftql
Ingredient[5]: lxgxp
Ingredient[79]: kgfld
Ingredient[78]: jmt
Ingredient[40]: ntbqk
Ingredient[112]: kvqq
Ingredient[8]: fnkdvt
Ingredient[113]: gppfld
Ingredient[114]: flg
Ingredient[56]: kscd
Ingredient[115]: jjdgtt
Ingredient[45]: nvnx
Ingredient[10]: vhbjp
Ingredient[83]: nhlxntg
Ingredient[116]: zkhpc
Ingredient[117]: bgjcg
Ingredient[90]: tpdc
Ingredient[118]: jkgf
Ingredient[119]: tnvtm
Ingredient[120]: rnln
Ingredient[66]: mgbv
Ingredient[16]: nrdtprm
Ingredient[121]: cntfq
Ingredient[122]: brhmkh
Ingredient[123]: rnsqjkq
Ingredient[23]: mv
Ingredient[46]: dvjrrkv
Ingredient[91]: crjddsgj
Ingredient[80]: mxm
Ingredient[124]: nqbjlf
Ingredient[67]: pkrdz
Ingredient[125]: xvzlpx
Ingredient[28]: dmjzc
Ingredient[87]: brjcp
Ingredient[92]: hcrsbr
Ingredient[126]: nkcl
Ingredient[17]: skrxt
Ingredient[127]: zfqhnt
Ingredient[128]: rglsgs
Ingredient[7]: pfhfb
Ingredient[129]: nsnzxsc
Ingredient[15]: ncrn
Ingredient[55]: fzckq
Ingredient[61]: rzhktt
Ingredient[19]: dcvtrq
Ingredient[62]: zgcf
Ingredient[130]: qgl
Toxin[4]: soy
Toxin[5]: wheat
Toxin[1]: sesame
hxgdp nkgzzg tgxvz tgkgj hqhnh fdjrml gnnzj fsxj zbhp rqxfdd ndnlm fsr nrgn hhxch gnq sgqrvd sm qjktms jjmmn xcljh qzln jqlp nxcrg bsgnsc jxftql lxgxp kgfld jmt ntbqk kvqq fnkdvt gppfld flg kscd jjdgtt nvnx vhbjp nhlxntg zkhpc bgjcg tpdc jkgf tnvtm rnln mgbv nrdtprm cntfq brhmkh rnsqjkq mv dvjrrkv crjddsgj mxm nqbjlf pkrdz xvzlpx dmjzc brjcp hcrsbr nkcl skrxt zfqhnt rglsgs pfhfb nsnzxsc ncrn fzckq rzhktt dcvtrq zgcf qgl (contains soy, wheat, sesame)
Ingredient[108]: sgqrvd
Ingredient[46]: dvjrrkv
Ingredient[131]: qszr
Ingredient[122]: brhmkh
Ingredient[132]: znzx
Ingredient[60]: tkvddn
Ingredient[66]: mgbv
Ingredient[133]: kgpbh
Ingredient[52]: gtdb
Ingredient[20]: gdmv
Ingredient[134]: zjkt
Ingredient[101]: zdqd
Ingredient[135]: mhqxk
Ingredient[121]: cntfq
Ingredient[76]: hrtd
Ingredient[54]: sgdlhb
Ingredient[5]: lxgxp
Ingredient[38]: zbhp
Ingredient[136]: bgjs
Ingredient[94]: hxgdp
Ingredient[137]: rfcl
Ingredient[41]: lvft
Ingredient[130]: qgl
Ingredient[138]: ndvnj
Ingredient[42]: glj
Ingredient[139]: ptcnh
Ingredient[95]: xjqkbq
Ingredient[116]: zkhpc
Ingredient[93]: bgc
Ingredient[120]: rnln
Ingredient[140]: xntpsg
Ingredient[125]: xvzlpx
Ingredient[127]: zfqhnt
Ingredient[141]: xxbnf
Ingredient[40]: ntbqk
Ingredient[142]: tgkxxjm
Ingredient[143]: ncksb
Ingredient[114]: flg
Ingredient[106]: nrgn
Ingredient[6]: kqxz
Ingredient[144]: hkdls
Ingredient[97]: gqkf
Ingredient[29]: fjqv
Ingredient[84]: qpp
Ingredient[145]: krhmfb
Ingredient[103]: fdjrml
Ingredient[146]: tmlm
Ingredient[90]: tpdc
Ingredient[147]: rpqss
Ingredient[25]: qzln
Ingredient[148]: ckzg
Ingredient[12]: xcljh
Ingredient[149]: jdcbc
Ingredient[79]: kgfld
Ingredient[13]: ndnlm
Ingredient[150]: kvhbj
Ingredient[58]: svzfl
Ingredient[63]: jfm
Ingredient[151]: nrlbfc
Ingredient[152]: tkxxdnh
Ingredient[43]: fsr
Ingredient[153]: qjn
Ingredient[35]: lqbcg
Ingredient[32]: sdclrlb
Ingredient[21]: nxcrg
Ingredient[107]: gnq
Ingredient[154]: vchxzh
Ingredient[61]: rzhktt
Ingredient[155]: tvgcv
Toxin[2]: shellfish
sgqrvd dvjrrkv qszr brhmkh znzx tkvddn mgbv kgpbh gtdb gdmv zjkt zdqd mhqxk cntfq hrtd sgdlhb lxgxp zbhp bgjs hxgdp rfcl lvft qgl ndvnj glj ptcnh xjqkbq zkhpc bgc rnln xntpsg xvzlpx zfqhnt xxbnf ntbqk tgkxxjm ncksb flg nrgn kqxz hkdls gqkf fjqv qpp krhmfb fdjrml tmlm tpdc rpqss qzln ckzg xcljh jdcbc kgfld ndnlm kvhbj svzfl jfm nrlbfc tkxxdnh fsr qjn lqbcg sdclrlb nxcrg gnq vchxzh rzhktt tvgcv (contains shellfish)
Ingredient[7]: pfhfb
Ingredient[147]: rpqss
Ingredient[98]: bzlnnv
Ingredient[154]: vchxzh
Ingredient[59]: ctkjrt
Ingredient[49]: hjn
Ingredient[148]: ckzg
Ingredient[156]: hpsrqbl
Ingredient[157]: nzxs
Ingredient[31]: zcxthb
Ingredient[78]: jmt
Ingredient[35]: lqbcg
Ingredient[138]: ndvnj
Ingredient[158]: qbvxrbs
Ingredient[46]: dvjrrkv
Ingredient[159]: jvgbct
Ingredient[134]: zjkt
Ingredient[13]: ndnlm
Ingredient[106]: nrgn
Ingredient[80]: mxm
Ingredient[12]: xcljh
Ingredient[61]: rzhktt
Ingredient[8]: fnkdvt
Ingredient[39]: hcc
Ingredient[81]: knfx
Ingredient[142]: tgkxxjm
Ingredient[11]: hqhnh
Ingredient[160]: bhghks
Ingredient[79]: kgfld
Ingredient[161]: tkqp
Ingredient[130]: qgl
Ingredient[60]: tkvddn
Ingredient[64]: gzhlbn
Ingredient[128]: rglsgs
Ingredient[115]: jjdgtt
Ingredient[112]: kvqq
Ingredient[162]: gfq
Ingredient[163]: zmnflgt
Ingredient[43]: fsr
Ingredient[110]: qjktms
Ingredient[85]: ssk
Ingredient[149]: jdcbc
Ingredient[82]: kshg
Ingredient[57]: dgdn
Ingredient[63]: jfm
Ingredient[164]: gzthtlg
Ingredient[165]: mkmcq
Ingredient[90]: tpdc
Ingredient[21]: nxcrg
Ingredient[66]: mgbv
Ingredient[95]: xjqkbq
Ingredient[27]: qkbm
Ingredient[84]: qpp
Ingredient[120]: rnln
Ingredient[38]: zbhp
Ingredient[166]: chjqncr
Ingredient[109]: sm
Ingredient[111]: jxftql
Ingredient[88]: xjksh
Ingredient[119]: tnvtm
Ingredient[100]: gbmv
Ingredient[86]: tgxvz
Ingredient[71]: zczht
Ingredient[152]: tkxxdnh
Ingredient[167]: kssncfd
Ingredient[139]: ptcnh
Ingredient[168]: bdfmncs
Ingredient[37]: mvtkk
Ingredient[137]: rfcl
Ingredient[116]: zkhpc
Ingredient[153]: qjn
Ingredient[141]: xxbnf
Ingredient[20]: gdmv
Ingredient[53]: fzl
Ingredient[5]: lxgxp
Ingredient[135]: mhqxk
Toxin[4]: soy
Toxin[3]: dairy
pfhfb rpqss bzlnnv vchxzh ctkjrt hjn ckzg hpsrqbl nzxs zcxthb jmt lqbcg ndvnj qbvxrbs dvjrrkv jvgbct zjkt ndnlm nrgn mxm xcljh rzhktt fnkdvt hcc knfx tgkxxjm hqhnh bhghks kgfld tkqp qgl tkvddn gzhlbn rglsgs jjdgtt kvqq gfq zmnflgt fsr qjktms ssk jdcbc kshg dgdn jfm gzthtlg mkmcq tpdc nxcrg mgbv xjqkbq qkbm qpp rnln zbhp chjqncr sm jxftql xjksh tnvtm gbmv tgxvz zczht tkxxdnh kssncfd ptcnh bdfmncs mvtkk rfcl zkhpc qjn xxbnf gdmv fzl lxgxp mhqxk (contains soy, dairy)
Ingredient[95]: xjqkbq
Ingredient[125]: xvzlpx
Ingredient[124]: nqbjlf
Ingredient[158]: qbvxrbs
Ingredient[51]: gtsslgk
Ingredient[169]: bqjqf
Ingredient[32]: sdclrlb
Ingredient[9]: ccn
Ingredient[84]: qpp
Ingredient[129]: nsnzxsc
Ingredient[163]: zmnflgt
Ingredient[67]: pkrdz
Ingredient[13]: ndnlm
Ingredient[96]: bsgnsc
Ingredient[62]: zgcf
Ingredient[38]: zbhp
Ingredient[70]: tgkgj
Ingredient[63]: jfm
Ingredient[41]: lvft
Ingredient[106]: nrgn
Ingredient[12]: xcljh
Ingredient[14]: shc
Ingredient[170]: bpvmb
Ingredient[171]: ltjt
Ingredient[115]: jjdgtt
Ingredient[46]: dvjrrkv
Ingredient[148]: ckzg
Ingredient[66]: mgbv
Ingredient[109]: sm
Ingredient[94]: hxgdp
Ingredient[89]: fsxf
Ingredient[83]: nhlxntg
Ingredient[6]: kqxz
Ingredient[112]: kvqq
Ingredient[164]: gzthtlg
Ingredient[7]: pfhfb
Ingredient[4]: htxvfq
Ingredient[45]: nvnx
Ingredient[111]: jxftql
Ingredient[73]: lgjsd
Ingredient[108]: sgqrvd
Ingredient[17]: skrxt
Ingredient[121]: cntfq
Ingredient[42]: glj
Ingredient[136]: bgjs
Ingredient[80]: mxm
Ingredient[172]: bbxsn
Ingredient[173]: rpgrk
Ingredient[146]: tmlm
Ingredient[43]: fsr
Ingredient[75]: rqxfdd
Ingredient[117]: bgjcg
Ingredient[27]: qkbm
Ingredient[47]: fdqp
Ingredient[156]: hpsrqbl
Ingredient[113]: gppfld
Ingredient[154]: vchxzh
Ingredient[174]: svjp
Ingredient[110]: qjktms
Ingredient[123]: rnsqjkq
Ingredient[21]: nxcrg
Ingredient[23]: mv
Ingredient[86]: tgxvz
Ingredient[145]: krhmfb
Ingredient[175]: nxcsxc
Ingredient[31]: zcxthb
Ingredient[92]: hcrsbr
Ingredient[153]: qjn
Ingredient[119]: tnvtm
Ingredient[18]: qrdpc
Ingredient[176]: lvtj
Ingredient[74]: qfgbx
Ingredient[29]: fjqv
Ingredient[147]: rpqss
Ingredient[102]: nkgzzg
Toxin[6]: fish
Toxin[5]: wheat
Toxin[1]: sesame
xjqkbq xvzlpx nqbjlf qbvxrbs gtsslgk bqjqf sdclrlb ccn qpp nsnzxsc zmnflgt pkrdz ndnlm bsgnsc zgcf zbhp tgkgj jfm lvft nrgn xcljh shc bpvmb ltjt jjdgtt dvjrrkv ckzg mgbv sm hxgdp fsxf nhlxntg kqxz kvqq gzthtlg pfhfb htxvfq nvnx jxftql lgjsd sgqrvd skrxt cntfq glj bgjs mxm bbxsn rpgrk tmlm fsr rqxfdd bgjcg qkbm fdqp hpsrqbl gppfld vchxzh svjp qjktms rnsqjkq nxcrg mv tgxvz krhmfb nxcsxc zcxthb hcrsbr qjn tnvtm qrdpc lvtj qfgbx fjqv rpqss nkgzzg (contains fish, wheat, sesame)
Ingredient[149]: jdcbc
Ingredient[177]: prgj
Ingredient[120]: rnln
Ingredient[101]: zdqd
Ingredient[38]: zbhp
Ingredient[121]: cntfq
Ingredient[66]: mgbv
Ingredient[162]: gfq
Ingredient[57]: dgdn
Ingredient[109]: sm
Ingredient[20]: gdmv
Ingredient[144]: hkdls
Ingredient[178]: hnvhqczc
Ingredient[171]: ltjt
Ingredient[148]: ckzg
Ingredient[179]: skkt
Ingredient[60]: tkvddn
Ingredient[180]: lsll
Ingredient[13]: ndnlm
Ingredient[114]: flg
Ingredient[21]: nxcrg
Ingredient[133]: kgpbh
Ingredient[26]: zjlz
Ingredient[46]: dvjrrkv
Ingredient[62]: zgcf
Ingredient[135]: mhqxk
Ingredient[107]: gnq
Ingredient[130]: qgl
Ingredient[9]: ccn
Ingredient[39]: hcc
Ingredient[181]: hvrrhc
Ingredient[93]: bgc
Ingredient[147]: rpqss
Ingredient[97]: gqkf
Ingredient[11]: hqhnh
Ingredient[182]: nxbn
Ingredient[96]: bsgnsc
Ingredient[69]: lqgn
Ingredient[164]: gzthtlg
Ingredient[12]: xcljh
Ingredient[111]: jxftql
Ingredient[16]: nrdtprm
Ingredient[168]: bdfmncs
Ingredient[160]: bhghks
Ingredient[79]: kgfld
Ingredient[71]: zczht
Ingredient[76]: hrtd
Ingredient[35]: lqbcg
Ingredient[75]: rqxfdd
Ingredient[33]: bbtn
Ingredient[28]: dmjzc
Ingredient[43]: fsr
Ingredient[165]: mkmcq
Ingredient[116]: zkhpc
Toxin[1]: sesame
jdcbc prgj rnln zdqd zbhp cntfq mgbv gfq dgdn sm gdmv hkdls hnvhqczc ltjt ckzg skkt tkvddn lsll ndnlm flg nxcrg kgpbh zjlz dvjrrkv zgcf mhqxk gnq qgl ccn hcc hvrrhc bgc rpqss gqkf hqhnh nxbn bsgnsc lqgn gzthtlg xcljh jxftql nrdtprm bdfmncs bhghks kgfld zczht hrtd lqbcg rqxfdd bbtn dmjzc fsr mkmcq zkhpc (contains sesame)
Ingredient[124]: nqbjlf
Ingredient[19]: dcvtrq
Ingredient[121]: cntfq
Ingredient[32]: sdclrlb
Ingredient[150]: kvhbj
Ingredient[179]: skkt
Ingredient[159]: jvgbct
Ingredient[95]: xjqkbq
Ingredient[81]: knfx
Ingredient[180]: lsll
Ingredient[1]: zdmhtpg
Ingredient[44]: hnh
Ingredient[8]: fnkdvt
Ingredient[52]: gtdb
Ingredient[86]: tgxvz
Ingredient[88]: xjksh
Ingredient[164]: gzthtlg
Ingredient[160]: bhghks
Ingredient[84]: qpp
Ingredient[62]: zgcf
Ingredient[139]: ptcnh
Ingredient[37]: mvtkk
Ingredient[7]: pfhfb
Ingredient[99]: jjmmn
Ingredient[77]: ktsnt
Ingredient[183]: kpzbxfp
Ingredient[70]: tgkgj
Ingredient[42]: glj
Ingredient[137]: rfcl
Ingredient[43]: fsr
Ingredient[89]: fsxf
Ingredient[69]: lqgn
Ingredient[113]: gppfld
Ingredient[85]: ssk
Ingredient[2]: mlcvjc
Ingredient[135]: mhqxk
Ingredient[6]: kqxz
Ingredient[82]: kshg
Ingredient[115]: jjdgtt
Ingredient[155]: tvgcv
Ingredient[12]: xcljh
Ingredient[131]: qszr
Ingredient[177]: prgj
Ingredient[184]: gfzjc
Ingredient[78]: jmt
Ingredient[18]: qrdpc
Ingredient[22]: hhxch
Ingredient[93]: bgc
Ingredient[66]: mgbv
Ingredient[38]: zbhp
Ingredient[167]: kssncfd
Ingredient[83]: nhlxntg
Ingredient[144]: hkdls
Ingredient[136]: bgjs
Ingredient[162]: gfq
Ingredient[21]: nxcrg
Ingredient[39]: hcc
Ingredient[47]: fdqp
Ingredient[185]: lpm
Ingredient[34]: jrspd
Ingredient[186]: bsdc
Ingredient[106]: nrgn
Ingredient[24]: dscm
Ingredient[98]: bzlnnv
Ingredient[170]: bpvmb
Ingredient[153]: qjn
Ingredient[102]: nkgzzg
Ingredient[128]: rglsgs
Ingredient[29]: fjqv
Ingredient[125]: xvzlpx
Ingredient[141]: xxbnf
Ingredient[110]: qjktms
Ingredient[187]: xcsxh
Ingredient[35]: lqbcg
Ingredient[168]: bdfmncs
Ingredient[158]: qbvxrbs
Ingredient[126]: nkcl
Ingredient[17]: skrxt
Ingredient[94]: hxgdp
Ingredient[13]: ndnlm
Ingredient[10]: vhbjp
Ingredient[175]: nxcsxc
Ingredient[114]: flg
Ingredient[182]: nxbn
Ingredient[133]: kgpbh
Toxin[4]: soy
Toxin[5]: wheat
Toxin[7]: peanuts
nqbjlf dcvtrq cntfq sdclrlb kvhbj skkt jvgbct xjqkbq knfx lsll zdmhtpg hnh fnkdvt gtdb tgxvz xjksh gzthtlg bhghks qpp zgcf ptcnh mvtkk pfhfb jjmmn ktsnt kpzbxfp tgkgj glj rfcl fsr fsxf lqgn gppfld ssk mlcvjc mhqxk kqxz kshg jjdgtt tvgcv xcljh qszr prgj gfzjc jmt qrdpc hhxch bgc mgbv zbhp kssncfd nhlxntg hkdls bgjs gfq nxcrg hcc fdqp lpm jrspd bsdc nrgn dscm bzlnnv bpvmb qjn nkgzzg rglsgs fjqv xvzlpx xxbnf qjktms xcsxh lqbcg bdfmncs qbvxrbs nkcl skrxt hxgdp ndnlm vhbjp nxcsxc flg nxbn kgpbh (contains soy, wheat, peanuts)
Ingredient[26]: zjlz
Ingredient[149]: jdcbc
Ingredient[126]: nkcl
Ingredient[147]: rpqss
Ingredient[97]: gqkf
Ingredient[180]: lsll
Ingredient[114]: flg
Ingredient[38]: zbhp
Ingredient[171]: ltjt
Ingredient[78]: jmt
Ingredient[55]: fzckq
Ingredient[120]: rnln
Ingredient[50]: mknsj
Ingredient[9]: ccn
Ingredient[27]: qkbm
Ingredient[166]: chjqncr
Ingredient[188]: lfgh
Ingredient[186]: bsdc
Ingredient[98]: bzlnnv
Ingredient[33]: bbtn
Ingredient[43]: fsr
Ingredient[17]: skrxt
Ingredient[150]: kvhbj
Ingredient[156]: hpsrqbl
Ingredient[3]: kgdvd
Ingredient[185]: lpm
Ingredient[46]: dvjrrkv
Ingredient[139]: ptcnh
Ingredient[119]: tnvtm
Ingredient[54]: sgdlhb
Ingredient[137]: rfcl
Ingredient[52]: gtdb
Ingredient[155]: tvgcv
Ingredient[173]: rpgrk
Ingredient[165]: mkmcq
Ingredient[181]: hvrrhc
Ingredient[110]: qjktms
Ingredient[96]: bsgnsc
Ingredient[189]: zsggkm
Ingredient[190]: pvnr
Ingredient[14]: shc
Ingredient[31]: zcxthb
Ingredient[191]: lhcm
Ingredient[169]: bqjqf
Ingredient[53]: fzl
Ingredient[123]: rnsqjkq
Ingredient[69]: lqgn
Ingredient[122]: brhmkh
Ingredient[118]: jkgf
Ingredient[23]: mv
Ingredient[140]: xntpsg
Ingredient[66]: mgbv
Ingredient[103]: fdjrml
Ingredient[57]: dgdn
Ingredient[135]: mhqxk
Ingredient[77]: ktsnt
Ingredient[12]: xcljh
Ingredient[74]: qfgbx
Ingredient[60]: tkvddn
Ingredient[88]: xjksh
Ingredient[35]: lqbcg
Ingredient[67]: pkrdz
Ingredient[87]: brjcp
Ingredient[172]: bbxsn
Toxin[6]: fish
Toxin[7]: peanuts
zjlz jdcbc nkcl rpqss gqkf lsll flg zbhp ltjt jmt fzckq rnln mknsj ccn qkbm chjqncr lfgh bsdc bzlnnv bbtn fsr skrxt kvhbj hpsrqbl kgdvd lpm dvjrrkv ptcnh tnvtm sgdlhb rfcl gtdb tvgcv rpgrk mkmcq hvrrhc qjktms bsgnsc zsggkm pvnr shc zcxthb lhcm bqjqf fzl rnsqjkq lqgn brhmkh jkgf mv xntpsg mgbv fdjrml dgdn mhqxk ktsnt xcljh qfgbx tkvddn xjksh lqbcg pkrdz brjcp bbxsn (contains fish, peanuts)
Ingredient[192]: xjcvt
Ingredient[79]: kgfld
Ingredient[100]: gbmv
Ingredient[105]: fsxj
Ingredient[169]: bqjqf
Ingredient[130]: qgl
Ingredient[120]: rnln
Ingredient[92]: hcrsbr
Ingredient[182]: nxbn
Ingredient[31]: zcxthb
Ingredient[127]: zfqhnt
Ingredient[17]: skrxt
Ingredient[142]: tgkxxjm
Ingredient[24]: dscm
Ingredient[144]: hkdls
Ingredient[46]: dvjrrkv
Ingredient[176]: lvtj
Ingredient[36]: gdljd
Ingredient[163]: zmnflgt
Ingredient[67]: pkrdz
Ingredient[12]: xcljh
Ingredient[96]: bsgnsc
Ingredient[134]: zjkt
Ingredient[116]: zkhpc
Ingredient[141]: xxbnf
Ingredient[90]: tpdc
Ingredient[132]: znzx
Ingredient[70]: tgkgj
Ingredient[131]: qszr
Ingredient[172]: bbxsn
Ingredient[74]: qfgbx
Ingredient[61]: rzhktt
Ingredient[137]: rfcl
Ingredient[187]: xcsxh
Ingredient[59]: ctkjrt
Ingredient[136]: bgjs
Ingredient[135]: mhqxk
Ingredient[66]: mgbv
Ingredient[18]: qrdpc
Ingredient[77]: ktsnt
Ingredient[99]: jjmmn
Ingredient[193]: fmcnhq
Ingredient[152]: tkxxdnh
Ingredient[34]: jrspd
Ingredient[27]: qkbm
Ingredient[84]: qpp
Ingredient[158]: qbvxrbs
Ingredient[82]: kshg
Ingredient[194]: prgjph
Ingredient[179]: skkt
Ingredient[37]: mvtkk
Ingredient[143]: ncksb
Ingredient[156]: hpsrqbl
Ingredient[65]: kphbtmkx
Ingredient[57]: dgdn
Ingredient[15]: ncrn
Ingredient[8]: fnkdvt
Ingredient[19]: dcvtrq
Ingredient[23]: mv
Ingredient[16]: nrdtprm
Ingredient[112]: kvqq
Ingredient[101]: zdqd
Ingredient[64]: gzhlbn
Ingredient[68]: drj
Ingredient[154]: vchxzh
Ingredient[43]: fsr
Ingredient[151]: nrlbfc
Ingredient[189]: zsggkm
Ingredient[72]: tlv
Ingredient[93]: bgc
Ingredient[108]: sgqrvd
Ingredient[48]: lctltv
Ingredient[2]: mlcvjc
Ingredient[180]: lsll
Ingredient[195]: hnnmrxh
Ingredient[188]: lfgh
Ingredient[117]: bgjcg
Ingredient[40]: ntbqk
Ingredient[4]: htxvfq
Ingredient[123]: rnsqjkq
Ingredient[76]: hrtd
Ingredient[160]: bhghks
Ingredient[51]: gtsslgk
Ingredient[196]: dftg
Ingredient[35]: lqbcg
Ingredient[30]: jqlp
Ingredient[38]: zbhp
Ingredient[153]: qjn
Ingredient[168]: bdfmncs
Toxin[7]: peanuts
Toxin[1]: sesame
xjcvt kgfld gbmv fsxj bqjqf qgl rnln hcrsbr nxbn zcxthb zfqhnt skrxt tgkxxjm dscm hkdls dvjrrkv lvtj gdljd zmnflgt pkrdz xcljh bsgnsc zjkt zkhpc xxbnf tpdc znzx tgkgj qszr bbxsn qfgbx rzhktt rfcl xcsxh ctkjrt bgjs mhqxk mgbv qrdpc ktsnt jjmmn fmcnhq tkxxdnh jrspd qkbm qpp qbvxrbs kshg prgjph skkt mvtkk ncksb hpsrqbl kphbtmkx dgdn ncrn fnkdvt dcvtrq mv nrdtprm kvqq zdqd gzhlbn drj vchxzh fsr nrlbfc zsggkm tlv bgc sgqrvd lctltv mlcvjc lsll hnnmrxh lfgh bgjcg ntbqk htxvfq rnsqjkq hrtd bhghks gtsslgk dftg lqbcg jqlp zbhp qjn bdfmncs (contains peanuts, sesame)
Ingredient[116]: zkhpc
Ingredient[185]: lpm
Ingredient[47]: fdqp
Ingredient[183]: kpzbxfp
Ingredient[144]: hkdls
Ingredient[2]: mlcvjc
Ingredient[136]: bgjs
Ingredient[197]: qckqc
Ingredient[13]: ndnlm
Ingredient[17]: skrxt
Ingredient[1]: zdmhtpg
Ingredient[57]: dgdn
Ingredient[102]: nkgzzg
Ingredient[153]: qjn
Ingredient[155]: tvgcv
Ingredient[87]: brjcp
Ingredient[186]: bsdc
Ingredient[82]: kshg
Ingredient[3]: kgdvd
Ingredient[12]: xcljh
Ingredient[91]: crjddsgj
Ingredient[159]: jvgbct
Ingredient[42]: glj
Ingredient[88]: xjksh
Ingredient[125]: xvzlpx
Ingredient[14]: shc
Ingredient[80]: mxm
Ingredient[64]: gzhlbn
Ingredient[59]: ctkjrt
Ingredient[148]: ckzg
Ingredient[43]: fsr
Ingredient[123]: rnsqjkq
Ingredient[66]: mgbv
Ingredient[173]: rpgrk
Ingredient[101]: zdqd
Ingredient[120]: rnln
Ingredient[36]: gdljd
Ingredient[19]: dcvtrq
Ingredient[29]: fjqv
Ingredient[193]: fmcnhq
Ingredient[58]: svzfl
Ingredient[103]: fdjrml
Ingredient[76]: hrtd
Ingredient[28]: dmjzc
Ingredient[175]: nxcsxc
Ingredient[54]: sgdlhb
Ingredient[135]: mhqxk
Ingredient[149]: jdcbc
Ingredient[25]: qzln
Ingredient[24]: dscm
Ingredient[38]: zbhp
Ingredient[172]: bbxsn
Ingredient[8]: fnkdvt
Ingredient[133]: kgpbh
Ingredient[134]: zjkt
Ingredient[142]: tgkxxjm
Ingredient[191]: lhcm
Ingredient[139]: ptcnh
Ingredient[179]: skkt
Ingredient[30]: jqlp
Ingredient[23]: mv
Ingredient[16]: nrdtprm
Ingredient[52]: gtdb
Ingredient[4]: htxvfq
Ingredient[121]: cntfq
Ingredient[119]: tnvtm
Ingredient[35]: lqbcg
Toxin[4]: soy
Toxin[8]: nuts
zkhpc lpm fdqp kpzbxfp hkdls mlcvjc bgjs qckqc ndnlm skrxt zdmhtpg dgdn nkgzzg qjn tvgcv brjcp bsdc kshg kgdvd xcljh crjddsgj jvgbct glj xjksh xvzlpx shc mxm gzhlbn ctkjrt ckzg fsr rnsqjkq mgbv rpgrk zdqd rnln gdljd dcvtrq fjqv fmcnhq svzfl fdjrml hrtd dmjzc nxcsxc sgdlhb mhqxk jdcbc qzln dscm zbhp bbxsn fnkdvt kgpbh zjkt tgkxxjm lhcm ptcnh skkt jqlp mv nrdtprm gtdb htxvfq cntfq tnvtm lqbcg (contains soy, nuts)
Ingredient[40]: ntbqk
Ingredient[9]: ccn
Ingredient[67]: pkrdz
Ingredient[145]: krhmfb
Ingredient[144]: hkdls
Ingredient[133]: kgpbh
Ingredient[160]: bhghks
Ingredient[169]: bqjqf
Ingredient[156]: hpsrqbl
Ingredient[170]: bpvmb
Ingredient[55]: fzckq
Ingredient[83]: nhlxntg
Ingredient[7]: pfhfb
Ingredient[12]: xcljh
Ingredient[98]: bzlnnv
Ingredient[102]: nkgzzg
Ingredient[121]: cntfq
Ingredient[38]: zbhp
Ingredient[30]: jqlp
Ingredient[13]: ndnlm
Ingredient[72]: tlv
Ingredient[158]: qbvxrbs
Ingredient[16]: nrdtprm
Ingredient[20]: gdmv
Ingredient[85]: ssk
Ingredient[66]: mgbv
Ingredient[36]: gdljd
Ingredient[46]: dvjrrkv
Ingredient[96]: bsgnsc
Ingredient[90]: tpdc
Ingredient[123]: rnsqjkq
Ingredient[132]: znzx
Ingredient[114]: flg
Ingredient[43]: fsr
Ingredient[198]: zlfm
Ingredient[134]: zjkt
Ingredient[45]: nvnx
Ingredient[42]: glj
Ingredient[81]: knfx
Ingredient[35]: lqbcg
Ingredient[49]: hjn
Toxin[5]: wheat
Toxin[1]: sesame
ntbqk ccn pkrdz krhmfb hkdls kgpbh bhghks bqjqf hpsrqbl bpvmb fzckq nhlxntg pfhfb xcljh bzlnnv nkgzzg cntfq zbhp jqlp ndnlm tlv qbvxrbs nrdtprm gdmv ssk mgbv gdljd dvjrrkv bsgnsc tpdc rnsqjkq znzx flg fsr zlfm zjkt nvnx glj knfx lqbcg hjn (contains wheat, sesame)
Ingredient[153]: qjn
Ingredient[54]: sgdlhb
Ingredient[123]: rnsqjkq
Ingredient[36]: gdljd
Ingredient[46]: dvjrrkv
Ingredient[126]: nkcl
Ingredient[111]: jxftql
Ingredient[167]: kssncfd
Ingredient[159]: jvgbct
Ingredient[79]: kgfld
Ingredient[93]: bgc
Ingredient[175]: nxcsxc
Ingredient[13]: ndnlm
Ingredient[16]: nrdtprm
Ingredient[183]: kpzbxfp
Ingredient[89]: fsxf
Ingredient[107]: gnq
Ingredient[10]: vhbjp
Ingredient[45]: nvnx
Ingredient[181]: hvrrhc
Ingredient[86]: tgxvz
Ingredient[129]: nsnzxsc
Ingredient[155]: tvgcv
Ingredient[125]: xvzlpx
Ingredient[194]: prgjph
Ingredient[6]: kqxz
Ingredient[43]: fsr
Ingredient[195]: hnnmrxh
Ingredient[35]: lqbcg
Ingredient[144]: hkdls
Ingredient[42]: glj
Ingredient[59]: ctkjrt
Ingredient[1]: zdmhtpg
Ingredient[131]: qszr
Ingredient[83]: nhlxntg
Ingredient[97]: gqkf
Ingredient[72]: tlv
Ingredient[94]: hxgdp
Ingredient[106]: nrgn
Ingredient[138]: ndvnj
Ingredient[197]: qckqc
Ingredient[140]: xntpsg
Ingredient[171]: ltjt
Ingredient[120]: rnln
Ingredient[38]: zbhp
Ingredient[20]: gdmv
Ingredient[141]: xxbnf
Ingredient[22]: hhxch
Ingredient[8]: fnkdvt
Ingredient[81]: knfx
Ingredient[12]: xcljh
Ingredient[3]: kgdvd
Ingredient[168]: bdfmncs
Ingredient[162]: gfq
Ingredient[185]: lpm
Ingredient[165]: mkmcq
Ingredient[17]: skrxt
Ingredient[178]: hnvhqczc
Ingredient[145]: krhmfb
Ingredient[196]: dftg
Ingredient[51]: gtsslgk
Ingredient[164]: gzthtlg
Ingredient[114]: flg
Ingredient[62]: zgcf
Ingredient[116]: zkhpc
Ingredient[122]: brhmkh
Ingredient[199]: pvpfn
Ingredient[85]: ssk
Ingredient[57]: dgdn
Ingredient[186]: bsdc
Ingredient[149]: jdcbc
Toxin[6]: fish
Toxin[1]: sesame
Toxin[3]: dairy
qjn sgdlhb rnsqjkq gdljd dvjrrkv nkcl jxftql kssncfd jvgbct kgfld bgc nxcsxc ndnlm nrdtprm kpzbxfp fsxf gnq vhbjp nvnx hvrrhc tgxvz nsnzxsc tvgcv xvzlpx prgjph kqxz fsr hnnmrxh lqbcg hkdls glj ctkjrt zdmhtpg qszr nhlxntg gqkf tlv hxgdp nrgn ndvnj qckqc xntpsg ltjt rnln zbhp gdmv xxbnf hhxch fnkdvt knfx xcljh kgdvd bdfmncs gfq lpm mkmcq skrxt hnvhqczc krhmfb dftg gtsslgk gzthtlg flg zgcf zkhpc brhmkh pvpfn ssk dgdn bsdc jdcbc (contains fish, sesame, dairy)
Ingredient[170]: bpvmb
Ingredient[159]: jvgbct
Ingredient[106]: nrgn
Ingredient[38]: zbhp
Ingredient[46]: dvjrrkv
Ingredient[169]: bqjqf
Ingredient[165]: mkmcq
Ingredient[12]: xcljh
Ingredient[89]: fsxf
Ingredient[50]: mknsj
Ingredient[167]: kssncfd
Ingredient[35]: lqbcg
Ingredient[17]: skrxt
Ingredient[155]: tvgcv
Ingredient[200]: xbdhth
Ingredient[60]: tkvddn
Ingredient[16]: nrdtprm
Ingredient[135]: mhqxk
Ingredient[166]: chjqncr
Ingredient[13]: ndnlm
Ingredient[48]: lctltv
Ingredient[195]: hnnmrxh
Ingredient[173]: rpgrk
Ingredient[9]: ccn
Ingredient[120]: rnln
Ingredient[149]: jdcbc
Ingredient[36]: gdljd
Ingredient[28]: dmjzc
Ingredient[174]: svjp
Ingredient[180]: lsll
Ingredient[168]: bdfmncs
Ingredient[123]: rnsqjkq
Ingredient[130]: qgl
Ingredient[194]: prgjph
Ingredient[11]: hqhnh
Ingredient[95]: xjqkbq
Ingredient[99]: jjmmn
Ingredient[92]: hcrsbr
Ingredient[187]: xcsxh
Ingredient[68]: drj
Ingredient[121]: cntfq
Ingredient[43]: fsr
Ingredient[96]: bsgnsc
Ingredient[137]: rfcl
Ingredient[190]: pvnr
Ingredient[114]: flg
Ingredient[142]: tgkxxjm
Ingredient[71]: zczht
Ingredient[14]: shc
Toxin[4]: soy
Toxin[2]: shellfish
Toxin[1]: sesame
bpvmb jvgbct nrgn zbhp dvjrrkv bqjqf mkmcq xcljh fsxf mknsj kssncfd lqbcg skrxt tvgcv xbdhth tkvddn nrdtprm mhqxk chjqncr ndnlm lctltv hnnmrxh rpgrk ccn rnln jdcbc gdljd dmjzc svjp lsll bdfmncs rnsqjkq qgl prgjph hqhnh xjqkbq jjmmn hcrsbr xcsxh drj cntfq fsr bsgnsc rfcl pvnr flg tgkxxjm zczht shc (contains soy, shellfish, sesame)
Ingredient[2]: mlcvjc
Ingredient[177]: prgj
Ingredient[140]: xntpsg
Ingredient[7]: pfhfb
Ingredient[51]: gtsslgk
Ingredient[106]: nrgn
Ingredient[112]: kvqq
Ingredient[191]: lhcm
Ingredient[193]: fmcnhq
Ingredient[130]: qgl
Ingredient[16]: nrdtprm
Ingredient[92]: hcrsbr
Ingredient[142]: tgkxxjm
Ingredient[48]: lctltv
Ingredient[8]: fnkdvt
Ingredient[49]: hjn
Ingredient[155]: tvgcv
Ingredient[194]: prgjph
Ingredient[26]: zjlz
Ingredient[147]: rpqss
Ingredient[98]: bzlnnv
Ingredient[38]: zbhp
Ingredient[196]: dftg
Ingredient[165]: mkmcq
Ingredient[119]: tnvtm
Ingredient[75]: rqxfdd
Ingredient[50]: mknsj
Ingredient[43]: fsr
Ingredient[95]: xjqkbq
Ingredient[67]: pkrdz
Ingredient[24]: dscm
Ingredient[36]: gdljd
Ingredient[21]: nxcrg
Ingredient[109]: sm
Ingredient[174]: svjp
Ingredient[13]: ndnlm
Ingredient[198]: zlfm
Ingredient[117]: bgjcg
Ingredient[128]: rglsgs
Ingredient[41]: lvft
Ingredient[135]: mhqxk
Ingredient[183]: kpzbxfp
Ingredient[185]: lpm
Ingredient[123]: rnsqjkq
Ingredient[9]: ccn
Ingredient[17]: skrxt
Ingredient[97]: gqkf
Ingredient[80]: mxm
Ingredient[164]: gzthtlg
Ingredient[28]: dmjzc
Ingredient[114]: flg
Ingredient[161]: tkqp
Ingredient[136]: bgjs
Ingredient[84]: qpp
Ingredient[96]: bsgnsc
Ingredient[121]: cntfq
Ingredient[179]: skkt
Ingredient[52]: gtdb
Ingredient[35]: lqbcg
Ingredient[12]: xcljh
Ingredient[104]: gnnzj
Ingredient[11]: hqhnh
Ingredient[115]: jjdgtt
Ingredient[184]: gfzjc
Ingredient[62]: zgcf
Ingredient[122]: brhmkh
Ingredient[108]: sgqrvd
Ingredient[46]: dvjrrkv
Toxin[2]: shellfish
Toxin[1]: sesame
mlcvjc prgj xntpsg pfhfb gtsslgk nrgn kvqq lhcm fmcnhq qgl nrdtprm hcrsbr tgkxxjm lctltv fnkdvt hjn tvgcv prgjph zjlz rpqss bzlnnv zbhp dftg mkmcq tnvtm rqxfdd mknsj fsr xjqkbq pkrdz dscm gdljd nxcrg sm svjp ndnlm zlfm bgjcg rglsgs lvft mhqxk kpzbxfp lpm rnsqjkq ccn skrxt gqkf mxm gzthtlg dmjzc flg tkqp bgjs qpp bsgnsc cntfq skkt gtdb lqbcg xcljh gnnzj hqhnh jjdgtt gfzjc zgcf brhmkh sgqrvd dvjrrkv (contains shellfish, sesame)
Ingredient[46]: dvjrrkv
Ingredient[9]: ccn
Ingredient[35]: lqbcg
Ingredient[48]: lctltv
Ingredient[159]: jvgbct
Ingredient[161]: tkqp
Ingredient[94]: hxgdp
Ingredient[191]: lhcm
Ingredient[189]: zsggkm
Ingredient[93]: bgc
Ingredient[110]: qjktms
Ingredient[134]: zjkt
Ingredient[45]: nvnx
Ingredient[175]: nxcsxc
Ingredient[6]: kqxz
Ingredient[17]: skrxt
Ingredient[160]: bhghks
Ingredient[164]: gzthtlg
Ingredient[166]: chjqncr
Ingredient[4]: htxvfq
Ingredient[23]: mv
Ingredient[123]: rnsqjkq
Ingredient[54]: sgdlhb
Ingredient[91]: crjddsgj
Ingredient[128]: rglsgs
Ingredient[106]: nrgn
Ingredient[138]: ndvnj
Ingredient[171]: ltjt
Ingredient[22]: hhxch
Ingredient[12]: xcljh
Ingredient[76]: hrtd
Ingredient[193]: fmcnhq
Ingredient[102]: nkgzzg
Ingredient[24]: dscm
Ingredient[15]: ncrn
Ingredient[38]: zbhp
Ingredient[66]: mgbv
Ingredient[177]: prgj
Ingredient[7]: pfhfb
Ingredient[70]: tgkgj
Ingredient[156]: hpsrqbl
Ingredient[56]: kscd
Ingredient[5]: lxgxp
Ingredient[172]: bbxsn
Ingredient[20]: gdmv
Ingredient[142]: tgkxxjm
Ingredient[42]: glj
Ingredient[157]: nzxs
Ingredient[90]: tpdc
Ingredient[43]: fsr
Ingredient[146]: tmlm
Ingredient[73]: lgjsd
Ingredient[96]: bsgnsc
Ingredient[153]: qjn
Ingredient[75]: rqxfdd
Ingredient[11]: hqhnh
Ingredient[121]: cntfq
Toxin[6]: fish
dvjrrkv ccn lqbcg lctltv jvgbct tkqp hxgdp lhcm zsggkm bgc qjktms zjkt nvnx nxcsxc kqxz skrxt bhghks gzthtlg chjqncr htxvfq mv rnsqjkq sgdlhb crjddsgj rglsgs nrgn ndvnj ltjt hhxch xcljh hrtd fmcnhq nkgzzg dscm ncrn zbhp mgbv prgj pfhfb tgkgj hpsrqbl kscd lxgxp bbxsn gdmv tgkxxjm glj nzxs tpdc fsr tmlm lgjsd bsgnsc qjn rqxfdd hqhnh cntfq (contains fish)
Ingredient[156]: hpsrqbl
Ingredient[87]: brjcp
Ingredient[84]: qpp
Ingredient[14]: shc
Ingredient[142]: tgkxxjm
Ingredient[33]: bbtn
Ingredient[12]: xcljh
Ingredient[100]: gbmv
Ingredient[132]: znzx
Ingredient[118]: jkgf
Ingredient[31]: zcxthb
Ingredient[99]: jjmmn
Ingredient[71]: zczht
Ingredient[93]: bgc
Ingredient[176]: lvtj
Ingredient[68]: drj
Ingredient[61]: rzhktt
Ingredient[152]: tkxxdnh
Ingredient[72]: tlv
Ingredient[19]: dcvtrq
Ingredient[129]: nsnzxsc
Ingredient[144]: hkdls
Ingredient[155]: tvgcv
Ingredient[46]: dvjrrkv
Ingredient[27]: qkbm
Ingredient[81]: knfx
Ingredient[134]: zjkt
Ingredient[135]: mhqxk
Ingredient[170]: bpvmb
Ingredient[148]: ckzg
Ingredient[136]: bgjs
Ingredient[184]: gfzjc
Ingredient[160]: bhghks
Ingredient[52]: gtdb
Ingredient[157]: nzxs
Ingredient[104]: gnnzj
Ingredient[109]: sm
Ingredient[115]: jjdgtt
Ingredient[26]: zjlz
Ingredient[120]: rnln
Ingredient[95]: xjqkbq
Ingredient[59]: ctkjrt
Ingredient[125]: xvzlpx
Ingredient[140]: xntpsg
Ingredient[4]: htxvfq
Ingredient[146]: tmlm
Ingredient[101]: zdqd
Ingredient[35]: lqbcg
Ingredient[43]: fsr
Ingredient[13]: ndnlm
Ingredient[137]: rfcl
Ingredient[3]: kgdvd
Ingredient[17]: skrxt
Ingredient[66]: mgbv
Ingredient[22]: hhxch
Ingredient[50]: mknsj
Ingredient[94]: hxgdp
Ingredient[29]: fjqv
Ingredient[85]: ssk
Ingredient[131]: qszr
Ingredient[11]: hqhnh
Ingredient[187]: xcsxh
Ingredient[166]: chjqncr
Ingredient[28]: dmjzc
Ingredient[91]: crjddsgj
Ingredient[194]: prgjph
Ingredient[24]: dscm
Ingredient[54]: sgdlhb
Ingredient[49]: hjn
Ingredient[121]: cntfq
Ingredient[96]: bsgnsc
Ingredient[153]: qjn
Ingredient[45]: nvnx
Ingredient[32]: sdclrlb
Ingredient[30]: jqlp
Ingredient[143]: ncksb
Toxin[1]: sesame
hpsrqbl brjcp qpp shc tgkxxjm bbtn xcljh gbmv znzx jkgf zcxthb jjmmn zczht bgc lvtj drj rzhktt tkxxdnh tlv dcvtrq nsnzxsc hkdls tvgcv dvjrrkv qkbm knfx zjkt mhqxk bpvmb ckzg bgjs gfzjc bhghks gtdb nzxs gnnzj sm jjdgtt zjlz rnln xjqkbq ctkjrt xvzlpx xntpsg htxvfq tmlm zdqd lqbcg fsr ndnlm rfcl kgdvd skrxt mgbv hhxch mknsj hxgdp fjqv ssk qszr hqhnh xcsxh chjqncr dmjzc crjddsgj prgjph dscm sgdlhb hjn cntfq bsgnsc qjn nvnx sdclrlb jqlp ncksb (contains sesame)
Ingredient[8]: fnkdvt
Ingredient[21]: nxcrg
Ingredient[54]: sgdlhb
Ingredient[82]: kshg
Ingredient[42]: glj
Ingredient[159]: jvgbct
Ingredient[72]: tlv
Ingredient[73]: lgjsd
Ingredient[158]: qbvxrbs
Ingredient[142]: tgkxxjm
Ingredient[187]: xcsxh
Ingredient[63]: jfm
Ingredient[103]: fdjrml
Ingredient[66]: mgbv
Ingredient[112]: kvqq
Ingredient[200]: xbdhth
Ingredient[43]: fsr
Ingredient[173]: rpgrk
Ingredient[27]: qkbm
Ingredient[49]: hjn
Ingredient[137]: rfcl
Ingredient[196]: dftg
Ingredient[152]: tkxxdnh
Ingredient[135]: mhqxk
Ingredient[129]: nsnzxsc
Ingredient[62]: zgcf
Ingredient[46]: dvjrrkv
Ingredient[55]: fzckq
Ingredient[194]: prgjph
Ingredient[35]: lqbcg
Ingredient[17]: skrxt
Ingredient[93]: bgc
Ingredient[156]: hpsrqbl
Ingredient[180]: lsll
Ingredient[146]: tmlm
Ingredient[117]: bgjcg
Ingredient[52]: gtdb
Ingredient[45]: nvnx
Ingredient[131]: qszr
Ingredient[5]: lxgxp
Ingredient[38]: zbhp
Ingredient[39]: hcc
Ingredient[86]: tgxvz
Ingredient[95]: xjqkbq
Ingredient[182]: nxbn
Ingredient[47]: fdqp
Ingredient[101]: zdqd
Ingredient[141]: xxbnf
Ingredient[89]: fsxf
Ingredient[171]: ltjt
Ingredient[139]: ptcnh
Ingredient[12]: xcljh
Ingredient[161]: tkqp
Ingredient[60]: tkvddn
Ingredient[151]: nrlbfc
Ingredient[30]: jqlp
Ingredient[34]: jrspd
Toxin[6]: fish
Toxin[7]: peanuts
fnkdvt nxcrg sgdlhb kshg glj jvgbct tlv lgjsd qbvxrbs tgkxxjm xcsxh jfm fdjrml mgbv kvqq xbdhth fsr rpgrk qkbm hjn rfcl dftg tkxxdnh mhqxk nsnzxsc zgcf dvjrrkv fzckq prgjph lqbcg skrxt bgc hpsrqbl lsll tmlm bgjcg gtdb nvnx qszr lxgxp zbhp hcc tgxvz xjqkbq nxbn fdqp zdqd xxbnf fsxf ltjt ptcnh xcljh tkqp tkvddn nrlbfc jqlp jrspd (contains fish, peanuts)
Ingredient[157]: nzxs
Ingredient[148]: ckzg
Ingredient[151]: nrlbfc
Ingredient[129]: nsnzxsc
Ingredient[200]: xbdhth
Ingredient[199]: pvpfn
Ingredient[155]: tvgcv
Ingredient[146]: tmlm
Ingredient[37]: mvtkk
Ingredient[143]: ncksb
Ingredient[135]: mhqxk
Ingredient[171]: ltjt
Ingredient[38]: zbhp
Ingredient[29]: fjqv
Ingredient[137]: rfcl
Ingredient[161]: tkqp
Ingredient[185]: lpm
Ingredient[164]: gzthtlg
Ingredient[144]: hkdls
Ingredient[92]: hcrsbr
Ingredient[197]: qckqc
Ingredient[160]: bhghks
Ingredient[130]: qgl
Ingredient[150]: kvhbj
Ingredient[126]: nkcl
Ingredient[78]: jmt
Ingredient[191]: lhcm
Ingredient[117]: bgjcg
Ingredient[114]: flg
Ingredient[124]: nqbjlf
Ingredient[112]: kvqq
Ingredient[6]: kqxz
Ingredient[12]: xcljh
Ingredient[106]: nrgn
Ingredient[190]: pvnr
Ingredient[98]: bzlnnv
Ingredient[69]: lqgn
Ingredient[104]: gnnzj
Ingredient[168]: bdfmncs
Ingredient[9]: ccn
Ingredient[176]: lvtj
Ingredient[192]: xjcvt
Ingredient[46]: dvjrrkv
Ingredient[99]: jjmmn
Ingredient[18]: qrdpc
Ingredient[40]: ntbqk
Ingredient[108]: sgqrvd
Ingredient[56]: kscd
Ingredient[39]: hcc
Ingredient[121]: cntfq
Ingredient[107]: gnq
Ingredient[70]: tgkgj
Ingredient[111]: jxftql
Ingredient[34]: jrspd
Ingredient[53]: fzl
Ingredient[43]: fsr
Ingredient[35]: lqbcg
Ingredient[27]: qkbm
Ingredient[66]: mgbv
Ingredient[87]: brjcp
Ingredient[136]: bgjs
Ingredient[52]: gtdb
Ingredient[68]: drj
Ingredient[110]: qjktms
Ingredient[169]: bqjqf
Ingredient[94]: hxgdp
Ingredient[179]: skkt
Ingredient[177]: prgj
Ingredient[167]: kssncfd
Ingredient[140]: xntpsg
Ingredient[22]: hhxch
Ingredient[89]: fsxf
Ingredient[11]: hqhnh
Ingredient[84]: qpp
Ingredient[175]: nxcsxc
Ingredient[159]: jvgbct
Ingredient[153]: qjn
Ingredient[188]: lfgh
Ingredient[13]: ndnlm
Ingredient[50]: mknsj
Ingredient[134]: zjkt
Ingredient[2]: mlcvjc
Ingredient[73]: lgjsd
Toxin[2]: shellfish
nzxs ckzg nrlbfc nsnzxsc xbdhth pvpfn tvgcv tmlm mvtkk ncksb mhqxk ltjt zbhp fjqv rfcl tkqp lpm gzthtlg hkdls hcrsbr qckqc bhghks qgl kvhbj nkcl jmt lhcm bgjcg flg nqbjlf kvqq kqxz xcljh nrgn pvnr bzlnnv lqgn gnnzj bdfmncs ccn lvtj xjcvt dvjrrkv jjmmn qrdpc ntbqk sgqrvd kscd hcc cntfq gnq tgkgj jxftql jrspd fzl fsr lqbcg qkbm mgbv brjcp bgjs gtdb drj qjktms bqjqf hxgdp skkt prgj kssncfd xntpsg hhxch fsxf hqhnh qpp nxcsxc jvgbct qjn lfgh ndnlm mknsj zjkt mlcvjc lgjsd (contains shellfish)
Ingredient[130]: qgl
Ingredient[123]: rnsqjkq
Ingredient[195]: hnnmrxh
Ingredient[180]: lsll
Ingredient[126]: nkcl
Ingredient[43]: fsr
Ingredient[110]: qjktms
Ingredient[13]: ndnlm
Ingredient[145]: krhmfb
Ingredient[173]: rpgrk
Ingredient[12]: xcljh
Ingredient[63]: jfm
Ingredient[188]: lfgh
Ingredient[140]: xntpsg
Ingredient[179]: skkt
Ingredient[20]: gdmv
Ingredient[46]: dvjrrkv
Ingredient[38]: zbhp
Ingredient[65]: kphbtmkx
Ingredient[191]: lhcm
Ingredient[10]: vhbjp
Ingredient[66]: mgbv
Ingredient[189]: zsggkm
Ingredient[89]: fsxf
Ingredient[9]: ccn
Ingredient[106]: nrgn
Ingredient[16]: nrdtprm
Ingredient[170]: bpvmb
Ingredient[132]: znzx
Ingredient[33]: bbtn
Ingredient[57]: dgdn
Ingredient[160]: bhghks
Ingredient[134]: zjkt
Ingredient[58]: svzfl
Ingredient[99]: jjmmn
Ingredient[72]: tlv
Ingredient[96]: bsgnsc
Ingredient[93]: bgc
Ingredient[27]: qkbm
Ingredient[17]: skrxt
Ingredient[117]: bgjcg
Ingredient[47]: fdqp
Ingredient[171]: ltjt
Ingredient[137]: rfcl
Ingredient[136]: bgjs
Ingredient[120]: rnln
Ingredient[51]: gtsslgk
Ingredient[26]: zjlz
Toxin[5]: wheat
qgl rnsqjkq hnnmrxh lsll nkcl fsr qjktms ndnlm krhmfb rpgrk xcljh jfm lfgh xntpsg skkt gdmv dvjrrkv zbhp kphbtmkx lhcm vhbjp mgbv zsggkm fsxf ccn nrgn nrdtprm bpvmb znzx bbtn dgdn bhghks zjkt svzfl jjmmn tlv bsgnsc bgc qkbm skrxt bgjcg fdqp ltjt rfcl bgjs rnln gtsslgk zjlz (contains wheat)
Ingredient[83]: nhlxntg
Ingredient[11]: hqhnh
Ingredient[74]: qfgbx
Ingredient[167]: kssncfd
Ingredient[116]: zkhpc
Ingredient[168]: bdfmncs
Ingredient[31]: zcxthb
Ingredient[68]: drj
Ingredient[108]: sgqrvd
Ingredient[69]: lqgn
Ingredient[75]: rqxfdd
Ingredient[181]: hvrrhc
Ingredient[177]: prgj
Ingredient[70]: tgkgj
Ingredient[16]: nrdtprm
Ingredient[17]: skrxt
Ingredient[111]: jxftql
Ingredient[43]: fsr
Ingredient[12]: xcljh
Ingredient[84]: qpp
Ingredient[14]: shc
Ingredient[38]: zbhp
Ingredient[110]: qjktms
Ingredient[189]: zsggkm
Ingredient[9]: ccn
Ingredient[166]: chjqncr
Ingredient[132]: znzx
Ingredient[67]: pkrdz
Ingredient[194]: prgjph
Ingredient[40]: ntbqk
Ingredient[13]: ndnlm
Ingredient[106]: nrgn
Ingredient[3]: kgdvd
Ingredient[152]: tkxxdnh
Ingredient[90]: tpdc
Ingredient[46]: dvjrrkv
Ingredient[25]: qzln
Ingredient[81]: knfx
Ingredient[102]: nkgzzg
Ingredient[123]: rnsqjkq
Ingredient[183]: kpzbxfp
Ingredient[33]: bbtn
Ingredient[161]: tkqp
Ingredient[66]: mgbv
Ingredient[61]: rzhktt
Ingredient[191]: lhcm
Ingredient[128]: rglsgs
Ingredient[47]: fdqp
Ingredient[193]: fmcnhq
Ingredient[164]: gzthtlg
Ingredient[45]: nvnx
Ingredient[85]: ssk
Ingredient[160]: bhghks
Ingredient[150]: kvhbj
Ingredient[22]: hhxch
Ingredient[72]: tlv
Ingredient[8]: fnkdvt
Ingredient[4]: htxvfq
Ingredient[127]: zfqhnt
Ingredient[125]: xvzlpx
Ingredient[185]: lpm
Ingredient[131]: qszr
Ingredient[195]: hnnmrxh
Ingredient[92]: hcrsbr
Ingredient[30]: jqlp
Ingredient[129]: nsnzxsc
Toxin[3]: dairy
Toxin[7]: peanuts
Toxin[5]: wheat
nhlxntg hqhnh qfgbx kssncfd zkhpc bdfmncs zcxthb drj sgqrvd lqgn rqxfdd hvrrhc prgj tgkgj nrdtprm skrxt jxftql fsr xcljh qpp shc zbhp qjktms zsggkm ccn chjqncr znzx pkrdz prgjph ntbqk ndnlm nrgn kgdvd tkxxdnh tpdc dvjrrkv qzln knfx nkgzzg rnsqjkq kpzbxfp bbtn tkqp mgbv rzhktt lhcm rglsgs fdqp fmcnhq gzthtlg nvnx ssk bhghks kvhbj hhxch tlv fnkdvt htxvfq zfqhnt xvzlpx lpm qszr hnnmrxh hcrsbr jqlp nsnzxsc (contains dairy, peanuts, wheat)
Ingredient[184]: gfzjc
Ingredient[22]: hhxch
Ingredient[61]: rzhktt
Ingredient[52]: gtdb
Ingredient[85]: ssk
Ingredient[38]: zbhp
Ingredient[127]: zfqhnt
Ingredient[118]: jkgf
Ingredient[161]: tkqp
Ingredient[46]: dvjrrkv
Ingredient[133]: kgpbh
Ingredient[50]: mknsj
Ingredient[186]: bsdc
Ingredient[73]: lgjsd
Ingredient[66]: mgbv
Ingredient[31]: zcxthb
Ingredient[76]: hrtd
Ingredient[124]: nqbjlf
Ingredient[2]: mlcvjc
Ingredient[94]: hxgdp
Ingredient[86]: tgxvz
Ingredient[97]: gqkf
Ingredient[193]: fmcnhq
Ingredient[90]: tpdc
Ingredient[5]: lxgxp
Ingredient[92]: hcrsbr
Ingredient[132]: znzx
Ingredient[198]: zlfm
Ingredient[29]: fjqv
Ingredient[112]: kvqq
Ingredient[83]: nhlxntg
Ingredient[26]: zjlz
Ingredient[87]: brjcp
Ingredient[116]: zkhpc
Ingredient[17]: skrxt
Ingredient[151]: nrlbfc
Ingredient[149]: jdcbc
Ingredient[74]: qfgbx
Ingredient[58]: svzfl
Ingredient[55]: fzckq
Ingredient[79]: kgfld
Ingredient[177]: prgj
Ingredient[64]: gzhlbn
Ingredient[191]: lhcm
Ingredient[27]: qkbm
Ingredient[105]: fsxj
Ingredient[11]: hqhnh
Ingredient[56]: kscd
Ingredient[10]: vhbjp
Ingredient[43]: fsr
Ingredient[180]: lsll
Ingredient[158]: qbvxrbs
Ingredient[162]: gfq
Ingredient[119]: tnvtm
Ingredient[35]: lqbcg
Ingredient[126]: nkcl
Ingredient[13]: ndnlm
Ingredient[108]: sgqrvd
Ingredient[95]: xjqkbq
Toxin[5]: wheat
Toxin[2]: shellfish
Toxin[6]: fish
gfzjc hhxch rzhktt gtdb ssk zbhp zfqhnt jkgf tkqp dvjrrkv kgpbh mknsj bsdc lgjsd mgbv zcxthb hrtd nqbjlf mlcvjc hxgdp tgxvz gqkf fmcnhq tpdc lxgxp hcrsbr znzx zlfm fjqv kvqq nhlxntg zjlz brjcp zkhpc skrxt nrlbfc jdcbc qfgbx svzfl fzckq kgfld prgj gzhlbn lhcm qkbm fsxj hqhnh kscd vhbjp fsr lsll qbvxrbs gfq tnvtm lqbcg nkcl ndnlm sgqrvd xjqkbq (contains wheat, shellfish, fish)
Ingredient[20]: gdmv
Ingredient[172]: bbxsn
Ingredient[112]: kvqq
Ingredient[178]: hnvhqczc
Ingredient[35]: lqbcg
Ingredient[95]: xjqkbq
Ingredient[159]: jvgbct
Ingredient[2]: mlcvjc
Ingredient[162]: gfq
Ingredient[34]: jrspd
Ingredient[5]: lxgxp
Ingredient[118]: jkgf
Ingredient[60]: tkvddn
Ingredient[96]: bsgnsc
Ingredient[69]: lqgn
Ingredient[12]: xcljh
Ingredient[89]: fsxf
Ingredient[110]: qjktms
Ingredient[24]: dscm
Ingredient[66]: mgbv
Ingredient[43]: fsr
Ingredient[138]: ndvnj
Ingredient[16]: nrdtprm
Ingredient[99]: jjmmn
Ingredient[125]: xvzlpx
Ingredient[102]: nkgzzg
Ingredient[120]: rnln
Ingredient[175]: nxcsxc
Ingredient[134]: zjkt
Ingredient[32]: sdclrlb
Ingredient[83]: nhlxntg
Ingredient[65]: kphbtmkx
Ingredient[107]: gnq
Ingredient[38]: zbhp
Ingredient[55]: fzckq
Ingredient[198]: zlfm
Ingredient[181]: hvrrhc
Ingredient[189]: zsggkm
Ingredient[187]: xcsxh
Ingredient[40]: ntbqk
Ingredient[179]: skkt
Ingredient[149]: jdcbc
Ingredient[93]: bgc
Ingredient[186]: bsdc
Ingredient[177]: prgj
Ingredient[14]: shc
Ingredient[157]: nzxs
Ingredient[170]: bpvmb
Ingredient[39]: hcc
Ingredient[15]: ncrn
Ingredient[192]: xjcvt
Ingredient[151]: nrlbfc
Ingredient[30]: jqlp
Ingredient[77]: ktsnt
Ingredient[45]: nvnx
Ingredient[104]: gnnzj
Ingredient[161]: tkqp
Ingredient[182]: nxbn
Ingredient[13]: ndnlm
Ingredient[54]: sgdlhb
Ingredient[169]: bqjqf
Ingredient[6]: kqxz
Ingredient[25]: qzln
Ingredient[26]: zjlz
Ingredient[152]: tkxxdnh
Ingredient[168]: bdfmncs
Ingredient[183]: kpzbxfp
Ingredient[76]: hrtd
Ingredient[53]: fzl
Ingredient[17]: skrxt
Ingredient[108]: sgqrvd
Ingredient[1]: zdmhtpg
Ingredient[196]: dftg
Ingredient[8]: fnkdvt
Ingredient[73]: lgjsd
Ingredient[23]: mv
Toxin[8]: nuts
Toxin[6]: fish
gdmv bbxsn kvqq hnvhqczc lqbcg xjqkbq jvgbct mlcvjc gfq jrspd lxgxp jkgf tkvddn bsgnsc lqgn xcljh fsxf qjktms dscm mgbv fsr ndvnj nrdtprm jjmmn xvzlpx nkgzzg rnln nxcsxc zjkt sdclrlb nhlxntg kphbtmkx gnq zbhp fzckq zlfm hvrrhc zsggkm xcsxh ntbqk skkt jdcbc bgc bsdc prgj shc nzxs bpvmb hcc ncrn xjcvt nrlbfc jqlp ktsnt nvnx gnnzj tkqp nxbn ndnlm sgdlhb bqjqf kqxz qzln zjlz tkxxdnh bdfmncs kpzbxfp hrtd fzl skrxt sgqrvd zdmhtpg dftg fnkdvt lgjsd mv (contains nuts, fish)
Ingredient[21]: nxcrg
Ingredient[30]: jqlp
Ingredient[12]: xcljh
Ingredient[126]: nkcl
Ingredient[153]: qjn
Ingredient[173]: rpgrk
Ingredient[200]: xbdhth
Ingredient[10]: vhbjp
Ingredient[6]: kqxz
Ingredient[127]: zfqhnt
Ingredient[16]: nrdtprm
Ingredient[171]: ltjt
Ingredient[152]: tkxxdnh
Ingredient[75]: rqxfdd
Ingredient[47]: fdqp
Ingredient[186]: bsdc
Ingredient[64]: gzhlbn
Ingredient[170]: bpvmb
Ingredient[13]: ndnlm
Ingredient[33]: bbtn
Ingredient[17]: skrxt
Ingredient[149]: jdcbc
Ingredient[193]: fmcnhq
Ingredient[67]: pkrdz
Ingredient[189]: zsggkm
Ingredient[61]: rzhktt
Ingredient[9]: ccn
Ingredient[100]: gbmv
Ingredient[15]: ncrn
Ingredient[128]: rglsgs
Ingredient[28]: dmjzc
Ingredient[54]: sgdlhb
Ingredient[194]: prgjph
Ingredient[185]: lpm
Ingredient[31]: zcxthb
Ingredient[196]: dftg
Ingredient[110]: qjktms
Ingredient[190]: pvnr
Ingredient[195]: hnnmrxh
Ingredient[167]: kssncfd
Ingredient[168]: bdfmncs
Ingredient[160]: bhghks
Ingredient[191]: lhcm
Ingredient[73]: lgjsd
Ingredient[85]: ssk
Ingredient[93]: bgc
Ingredient[43]: fsr
Ingredient[184]: gfzjc
Ingredient[123]: rnsqjkq
Ingredient[38]: zbhp
Ingredient[35]: lqbcg
Ingredient[145]: krhmfb
Ingredient[165]: mkmcq
Ingredient[198]: zlfm
Ingredient[122]: brhmkh
Ingredient[140]: xntpsg
Ingredient[44]: hnh
Ingredient[96]: bsgnsc
Ingredient[46]: dvjrrkv
Ingredient[155]: tvgcv
Ingredient[109]: sm
Ingredient[103]: fdjrml
Ingredient[177]: prgj
Ingredient[22]: hhxch
Ingredient[90]: tpdc
Ingredient[89]: fsxf
Ingredient[102]: nkgzzg
Ingredient[157]: nzxs
Ingredient[107]: gnq
Ingredient[146]: tmlm
Toxin[3]: dairy
nxcrg jqlp xcljh nkcl qjn rpgrk xbdhth vhbjp kqxz zfqhnt nrdtprm ltjt tkxxdnh rqxfdd fdqp bsdc gzhlbn bpvmb ndnlm bbtn skrxt jdcbc fmcnhq pkrdz zsggkm rzhktt ccn gbmv ncrn rglsgs dmjzc sgdlhb prgjph lpm zcxthb dftg qjktms pvnr hnnmrxh kssncfd bdfmncs bhghks lhcm lgjsd ssk bgc fsr gfzjc rnsqjkq zbhp lqbcg krhmfb mkmcq zlfm brhmkh xntpsg hnh bsgnsc dvjrrkv tvgcv sm fdjrml prgj hhxch tpdc fsxf nkgzzg nzxs gnq tmlm (contains dairy)
Ingredient[151]: nrlbfc
Ingredient[175]: nxcsxc
Ingredient[159]: jvgbct
Ingredient[46]: dvjrrkv
Ingredient[194]: prgjph
Ingredient[97]: gqkf
Ingredient[13]: ndnlm
Ingredient[191]: lhcm
Ingredient[37]: mvtkk
Ingredient[187]: xcsxh
Ingredient[51]: gtsslgk
Ingredient[66]: mgbv
Ingredient[133]: kgpbh
Ingredient[38]: zbhp
Ingredient[158]: qbvxrbs
Ingredient[82]: kshg
Ingredient[162]: gfq
Ingredient[77]: ktsnt
Ingredient[172]: bbxsn
Ingredient[49]: hjn
Ingredient[63]: jfm
Ingredient[111]: jxftql
Ingredient[78]: jmt
Ingredient[200]: xbdhth
Ingredient[12]: xcljh
Ingredient[163]: zmnflgt
Ingredient[79]: kgfld
Ingredient[106]: nrgn
Ingredient[8]: fnkdvt
Ingredient[47]: fdqp
Ingredient[17]: skrxt
Ingredient[58]: svzfl
Ingredient[117]: bgjcg
Ingredient[108]: sgqrvd
Ingredient[85]: ssk
Ingredient[174]: svjp
Ingredient[54]: sgdlhb
Ingredient[154]: vchxzh
Ingredient[3]: kgdvd
Ingredient[57]: dgdn
Ingredient[140]: xntpsg
Ingredient[90]: tpdc
Ingredient[26]: zjlz
Ingredient[62]: zgcf
Ingredient[123]: rnsqjkq
Ingredient[198]: zlfm
Ingredient[166]: chjqncr
Ingredient[146]: tmlm
Ingredient[196]: dftg
Ingredient[86]: tgxvz
Ingredient[118]: jkgf
Ingredient[185]: lpm
Ingredient[39]: hcc
Ingredient[153]: qjn
Ingredient[152]: tkxxdnh
Ingredient[35]: lqbcg
Ingredient[56]: kscd
Ingredient[48]: lctltv
Ingredient[190]: pvnr
Ingredient[40]: ntbqk
Ingredient[180]: lsll
Ingredient[131]: qszr
Ingredient[23]: mv
Ingredient[181]: hvrrhc
Ingredient[29]: fjqv
Toxin[5]: wheat
nrlbfc nxcsxc jvgbct dvjrrkv prgjph gqkf ndnlm lhcm mvtkk xcsxh gtsslgk mgbv kgpbh zbhp qbvxrbs kshg gfq ktsnt bbxsn hjn jfm jxftql jmt xbdhth xcljh zmnflgt kgfld nrgn fnkdvt fdqp skrxt svzfl bgjcg sgqrvd ssk svjp sgdlhb vchxzh kgdvd dgdn xntpsg tpdc zjlz zgcf rnsqjkq zlfm chjqncr tmlm dftg tgxvz jkgf lpm hcc qjn tkxxdnh lqbcg kscd lctltv pvnr ntbqk lsll qszr mv hvrrhc fjqv (contains wheat)
Ingredient[10]: vhbjp
Ingredient[105]: fsxj
Ingredient[111]: jxftql
Ingredient[152]: tkxxdnh
Ingredient[157]: nzxs
Ingredient[8]: fnkdvt
Ingredient[193]: fmcnhq
Ingredient[73]: lgjsd
Ingredient[166]: chjqncr
Ingredient[12]: xcljh
Ingredient[87]: brjcp
Ingredient[76]: hrtd
Ingredient[167]: kssncfd
Ingredient[85]: ssk
Ingredient[66]: mgbv
Ingredient[125]: xvzlpx
Ingredient[136]: bgjs
Ingredient[173]: rpgrk
Ingredient[79]: kgfld
Ingredient[100]: gbmv
Ingredient[138]: ndvnj
Ingredient[9]: ccn
Ingredient[123]: rnsqjkq
Ingredient[88]: xjksh
Ingredient[15]: ncrn
Ingredient[122]: brhmkh
Ingredient[5]: lxgxp
Ingredient[25]: qzln
Ingredient[1]: zdmhtpg
Ingredient[60]: tkvddn
Ingredient[180]: lsll
Ingredient[106]: nrgn
Ingredient[199]: pvpfn
Ingredient[69]: lqgn
Ingredient[182]: nxbn
Ingredient[176]: lvtj
Ingredient[46]: dvjrrkv
Ingredient[24]: dscm
Ingredient[186]: bsdc
Ingredient[11]: hqhnh
Ingredient[80]: mxm
Ingredient[43]: fsr
Ingredient[16]: nrdtprm
Ingredient[17]: skrxt
Ingredient[83]: nhlxntg
Ingredient[90]: tpdc
Ingredient[165]: mkmcq
Ingredient[169]: bqjqf
Ingredient[191]: lhcm
Ingredient[94]: hxgdp
Ingredient[118]: jkgf
Ingredient[144]: hkdls
Ingredient[89]: fsxf
Ingredient[78]: jmt
Ingredient[53]: fzl
Ingredient[82]: kshg
Ingredient[192]: xjcvt
Ingredient[35]: lqbcg
Ingredient[149]: jdcbc
Ingredient[114]: flg
Ingredient[120]: rnln
Ingredient[77]: ktsnt
Ingredient[38]: zbhp
Ingredient[97]: gqkf
Ingredient[65]: kphbtmkx
Ingredient[128]: rglsgs
Toxin[5]: wheat
Toxin[1]: sesame
Toxin[3]: dairy
vhbjp fsxj jxftql tkxxdnh nzxs fnkdvt fmcnhq lgjsd chjqncr xcljh brjcp hrtd kssncfd ssk mgbv xvzlpx bgjs rpgrk kgfld gbmv ndvnj ccn rnsqjkq xjksh ncrn brhmkh lxgxp qzln zdmhtpg tkvddn lsll nrgn pvpfn lqgn nxbn lvtj dvjrrkv dscm bsdc hqhnh mxm fsr nrdtprm skrxt nhlxntg tpdc mkmcq bqjqf lhcm hxgdp jkgf hkdls fsxf jmt fzl kshg xjcvt lqbcg jdcbc flg rnln ktsnt zbhp gqkf kphbtmkx rglsgs (contains wheat, sesame, dairy)
Ingredient[193]: fmcnhq
Ingredient[194]: prgjph
Ingredient[149]: jdcbc
Ingredient[51]: gtsslgk
Ingredient[12]: xcljh
Ingredient[43]: fsr
Ingredient[101]: zdqd
Ingredient[44]: hnh
Ingredient[98]: bzlnnv
Ingredient[145]: krhmfb
Ingredient[50]: mknsj
Ingredient[16]: nrdtprm
Ingredient[133]: kgpbh
Ingredient[185]: lpm
Ingredient[119]: tnvtm
Ingredient[38]: zbhp
Ingredient[55]: fzckq
Ingredient[187]: xcsxh
Ingredient[41]: lvft
Ingredient[11]: hqhnh
Ingredient[92]: hcrsbr
Ingredient[63]: jfm
Ingredient[96]: bsgnsc
Ingredient[74]: qfgbx
Ingredient[66]: mgbv
Ingredient[180]: lsll
Ingredient[153]: qjn
Ingredient[76]: hrtd
Ingredient[60]: tkvddn
Ingredient[32]: sdclrlb
Ingredient[24]: dscm
Ingredient[5]: lxgxp
Ingredient[115]: jjdgtt
Ingredient[6]: kqxz
Ingredient[26]: zjlz
Ingredient[72]: tlv
Ingredient[88]: xjksh
Ingredient[47]: fdqp
Ingredient[139]: ptcnh
Ingredient[128]: rglsgs
Ingredient[46]: dvjrrkv
Ingredient[114]: flg
Ingredient[40]: ntbqk
Ingredient[186]: bsdc
Ingredient[95]: xjqkbq
Ingredient[36]: gdljd
Ingredient[78]: jmt
Ingredient[134]: zjkt
Ingredient[20]: gdmv
Ingredient[29]: fjqv
Ingredient[21]: nxcrg
Ingredient[71]: zczht
Ingredient[172]: bbxsn
Ingredient[102]: nkgzzg
Ingredient[163]: zmnflgt
Ingredient[17]: skrxt
Ingredient[13]: ndnlm
Ingredient[122]: brhmkh
Ingredient[42]: glj
Ingredient[127]: zfqhnt
Ingredient[152]: tkxxdnh
Ingredient[97]: gqkf
Toxin[7]: peanuts
Toxin[2]: shellfish
fmcnhq prgjph jdcbc gtsslgk xcljh fsr zdqd hnh bzlnnv krhmfb mknsj nrdtprm kgpbh lpm tnvtm zbhp fzckq xcsxh lvft hqhnh hcrsbr jfm bsgnsc qfgbx mgbv lsll qjn hrtd tkvddn sdclrlb dscm lxgxp jjdgtt kqxz zjlz tlv xjksh fdqp ptcnh rglsgs dvjrrkv flg ntbqk bsdc xjqkbq gdljd jmt zjkt gdmv fjqv nxcrg zczht bbxsn nkgzzg zmnflgt skrxt ndnlm brhmkh glj zfqhnt tkxxdnh gqkf (contains peanuts, shellfish)
Ingredient[58]: svzfl
Ingredient[168]: bdfmncs
Ingredient[2]: mlcvjc
Ingredient[88]: xjksh
Ingredient[43]: fsr
Ingredient[14]: shc
Ingredient[85]: ssk
Ingredient[50]: mknsj
Ingredient[161]: tkqp
Ingredient[132]: znzx
Ingredient[11]: hqhnh
Ingredient[101]: zdqd
Ingredient[99]: jjmmn
Ingredient[174]: svjp
Ingredient[13]: ndnlm
Ingredient[48]: lctltv
Ingredient[60]: tkvddn
Ingredient[98]: bzlnnv
Ingredient[34]: jrspd
Ingredient[167]: kssncfd
Ingredient[26]: zjlz
Ingredient[199]: pvpfn
Ingredient[103]: fdjrml
Ingredient[70]: tgkgj
Ingredient[106]: nrgn
Ingredient[45]: nvnx
Ingredient[169]: bqjqf
Ingredient[156]: hpsrqbl
Ingredient[44]: hnh
Ingredient[120]: rnln
Ingredient[134]: zjkt
Ingredient[47]: fdqp
Ingredient[198]: zlfm
Ingredient[192]: xjcvt
Ingredient[100]: gbmv
Ingredient[152]: tkxxdnh
Ingredient[3]: kgdvd
Ingredient[66]: mgbv
Ingredient[196]: dftg
Ingredient[149]: jdcbc
Ingredient[8]: fnkdvt
Ingredient[155]: tvgcv
Ingredient[67]: pkrdz
Ingredient[116]: zkhpc
Ingredient[35]: lqbcg
Ingredient[78]: jmt
Ingredient[150]: kvhbj
Ingredient[21]: nxcrg
Ingredient[129]: nsnzxsc
Ingredient[64]: gzhlbn
Ingredient[38]: zbhp
Ingredient[36]: gdljd
Ingredient[17]: skrxt
Ingredient[179]: skkt
Ingredient[23]: mv
Ingredient[110]: qjktms
Ingredient[46]: dvjrrkv
Toxin[2]: shellfish
svzfl bdfmncs mlcvjc xjksh fsr shc ssk mknsj tkqp znzx hqhnh zdqd jjmmn svjp ndnlm lctltv tkvddn bzlnnv jrspd kssncfd zjlz pvpfn fdjrml tgkgj nrgn nvnx bqjqf hpsrqbl hnh rnln zjkt fdqp zlfm xjcvt gbmv tkxxdnh kgdvd mgbv dftg jdcbc fnkdvt tvgcv pkrdz zkhpc lqbcg jmt kvhbj nxcrg nsnzxsc gzhlbn zbhp gdljd skrxt skkt mv qjktms dvjrrkv (contains shellfish)
Ingredient[26]: zjlz
Ingredient[164]: gzthtlg
Ingredient[154]: vchxzh
Ingredient[127]: zfqhnt
Ingredient[196]: dftg
Ingredient[168]: bdfmncs
Ingredient[13]: ndnlm
Ingredient[46]: dvjrrkv
Ingredient[10]: vhbjp
Ingredient[14]: shc
Ingredient[132]: znzx
Ingredient[47]: fdqp
Ingredient[43]: fsr
Ingredient[174]: svjp
Ingredient[16]: nrdtprm
Ingredient[142]: tgkxxjm
Ingredient[38]: zbhp
Ingredient[175]: nxcsxc
Ingredient[138]: ndvnj
Ingredient[115]: jjdgtt
Ingredient[110]: qjktms
Ingredient[135]: mhqxk
Ingredient[17]: skrxt
Ingredient[128]: rglsgs
Ingredient[199]: pvpfn
Ingredient[125]: xvzlpx
Ingredient[63]: jfm
Ingredient[194]: prgjph
Ingredient[2]: mlcvjc
Ingredient[193]: fmcnhq
Ingredient[113]: gppfld
Ingredient[155]: tvgcv
Ingredient[131]: qszr
Ingredient[190]: pvnr
Ingredient[186]: bsdc
Ingredient[169]: bqjqf
Ingredient[111]: jxftql
Ingredient[156]: hpsrqbl
Ingredient[153]: qjn
Ingredient[116]: zkhpc
Ingredient[25]: qzln
Ingredient[91]: crjddsgj
Ingredient[180]: lsll
Ingredient[117]: bgjcg
Ingredient[103]: fdjrml
Ingredient[86]: tgxvz
Ingredient[85]: ssk
Ingredient[185]: lpm
Ingredient[122]: brhmkh
Ingredient[71]: zczht
Ingredient[31]: zcxthb
Ingredient[34]: jrspd
Ingredient[171]: ltjt
Ingredient[5]: lxgxp
Ingredient[35]: lqbcg
Ingredient[12]: xcljh
Ingredient[57]: dgdn
Ingredient[36]: gdljd
Ingredient[137]: rfcl
Ingredient[75]: rqxfdd
Ingredient[90]: tpdc
Toxin[8]: nuts
Toxin[1]: sesame
Toxin[3]: dairy
zjlz gzthtlg vchxzh zfqhnt dftg bdfmncs ndnlm dvjrrkv vhbjp shc znzx fdqp fsr svjp nrdtprm tgkxxjm zbhp nxcsxc ndvnj jjdgtt qjktms mhqxk skrxt rglsgs pvpfn xvzlpx jfm prgjph mlcvjc fmcnhq gppfld tvgcv qszr pvnr bsdc bqjqf jxftql hpsrqbl qjn zkhpc qzln crjddsgj lsll bgjcg fdjrml tgxvz ssk lpm brhmkh zczht zcxthb jrspd ltjt lxgxp lqbcg xcljh dgdn gdljd rfcl rqxfdd tpdc (contains nuts, sesame, dairy)
Ingredient[153]: qjn
Ingredient[106]: nrgn
Ingredient[199]: pvpfn
Ingredient[96]: bsgnsc
Ingredient[141]: xxbnf
Ingredient[159]: jvgbct
Ingredient[7]: pfhfb
Ingredient[35]: lqbcg
Ingredient[189]: zsggkm
Ingredient[200]: xbdhth
Ingredient[176]: lvtj
Ingredient[12]: xcljh
Ingredient[72]: tlv
Ingredient[180]: lsll
Ingredient[69]: lqgn
Ingredient[151]: nrlbfc
Ingredient[197]: qckqc
Ingredient[76]: hrtd
Ingredient[14]: shc
Ingredient[54]: sgdlhb
Ingredient[31]: zcxthb
Ingredient[85]: ssk
Ingredient[168]: bdfmncs
Ingredient[144]: hkdls
Ingredient[119]: tnvtm
Ingredient[182]: nxbn
Ingredient[63]: jfm
Ingredient[195]: hnnmrxh
Ingredient[46]: dvjrrkv
Ingredient[17]: skrxt
Ingredient[149]: jdcbc
Ingredient[138]: ndvnj
Ingredient[115]: jjdgtt
Ingredient[99]: jjmmn
Ingredient[52]: gtdb
Ingredient[49]: hjn
Ingredient[146]: tmlm
Ingredient[36]: gdljd
Ingredient[13]: ndnlm
Ingredient[83]: nhlxntg
Ingredient[44]: hnh
Ingredient[183]: kpzbxfp
Ingredient[136]: bgjs
Ingredient[43]: fsr
Ingredient[30]: jqlp
Ingredient[110]: qjktms
Ingredient[71]: zczht
Ingredient[123]: rnsqjkq
Ingredient[38]: zbhp
Ingredient[10]: vhbjp
Ingredient[87]: brjcp
Toxin[5]: wheat
qjn nrgn pvpfn bsgnsc xxbnf jvgbct pfhfb lqbcg zsggkm xbdhth lvtj xcljh tlv lsll lqgn nrlbfc qckqc hrtd shc sgdlhb zcxthb ssk bdfmncs hkdls tnvtm nxbn jfm hnnmrxh dvjrrkv skrxt jdcbc ndvnj jjdgtt jjmmn gtdb hjn tmlm gdljd ndnlm nhlxntg hnh kpzbxfp bgjs fsr jqlp qjktms zczht rnsqjkq zbhp vhbjp brjcp (contains wheat)
Ingredient[11]: hqhnh
Ingredient[43]: fsr
Ingredient[38]: zbhp
Ingredient[106]: nrgn
Ingredient[198]: zlfm
Ingredient[138]: ndvnj
Ingredient[102]: nkgzzg
Ingredient[3]: kgdvd
Ingredient[85]: ssk
Ingredient[197]: qckqc
Ingredient[32]: sdclrlb
Ingredient[139]: ptcnh
Ingredient[170]: bpvmb
Ingredient[122]: brhmkh
Ingredient[46]: dvjrrkv
Ingredient[147]: rpqss
Ingredient[8]: fnkdvt
Ingredient[188]: lfgh
Ingredient[36]: gdljd
Ingredient[155]: tvgcv
Ingredient[175]: nxcsxc
Ingredient[28]: dmjzc
Ingredient[193]: fmcnhq
Ingredient[25]: qzln
Ingredient[54]: sgdlhb
Ingredient[153]: qjn
Ingredient[163]: zmnflgt
Ingredient[154]: vchxzh
Ingredient[60]: tkvddn
Ingredient[12]: xcljh
Ingredient[57]: dgdn
Ingredient[136]: bgjs
Ingredient[22]: hhxch
Ingredient[7]: pfhfb
Ingredient[35]: lqbcg
Ingredient[56]: kscd
Ingredient[191]: lhcm
Ingredient[151]: nrlbfc
Ingredient[67]: pkrdz
Ingredient[4]: htxvfq
Ingredient[17]: skrxt
Ingredient[132]: znzx
Ingredient[40]: ntbqk
Ingredient[144]: hkdls
Ingredient[77]: ktsnt
Ingredient[98]: bzlnnv
Ingredient[123]: rnsqjkq
Ingredient[13]: ndnlm
Ingredient[108]: sgqrvd
Ingredient[72]: tlv
Ingredient[39]: hcc
Ingredient[26]: zjlz
Ingredient[164]: gzthtlg
Ingredient[118]: jkgf
Ingredient[58]: svzfl
Ingredient[152]: tkxxdnh
Ingredient[199]: pvpfn
Ingredient[182]: nxbn
Ingredient[9]: ccn
Ingredient[64]: gzhlbn
Ingredient[75]: rqxfdd
Ingredient[74]: qfgbx
Ingredient[120]: rnln
Ingredient[169]: bqjqf
Ingredient[18]: qrdpc
Ingredient[79]: kgfld
Ingredient[178]: hnvhqczc
Ingredient[107]: gnq
Ingredient[81]: knfx
Ingredient[146]: tmlm
Ingredient[45]: nvnx
Ingredient[101]: zdqd
Ingredient[189]: zsggkm
Ingredient[49]: hjn
Ingredient[30]: jqlp
Ingredient[97]: gqkf
Ingredient[117]: bgjcg
Ingredient[103]: fdjrml
Toxin[2]: shellfish
Toxin[3]: dairy
Toxin[1]: sesame
hqhnh fsr zbhp nrgn zlfm ndvnj nkgzzg kgdvd ssk qckqc sdclrlb ptcnh bpvmb brhmkh dvjrrkv rpqss fnkdvt lfgh gdljd tvgcv nxcsxc dmjzc fmcnhq qzln sgdlhb qjn zmnflgt vchxzh tkvddn xcljh dgdn bgjs hhxch pfhfb lqbcg kscd lhcm nrlbfc pkrdz htxvfq skrxt znzx ntbqk hkdls ktsnt bzlnnv rnsqjkq ndnlm sgqrvd tlv hcc zjlz gzthtlg jkgf svzfl tkxxdnh pvpfn nxbn ccn gzhlbn rqxfdd qfgbx rnln bqjqf qrdpc kgfld hnvhqczc gnq knfx tmlm nvnx zdqd zsggkm hjn jqlp gqkf bgjcg fdjrml (contains shellfish, dairy, sesame)
Ingredient[28]: dmjzc
Ingredient[130]: qgl
Ingredient[99]: jjmmn
Ingredient[66]: mgbv
Ingredient[110]: qjktms
Ingredient[131]: qszr
Ingredient[198]: zlfm
Ingredient[79]: kgfld
Ingredient[27]: qkbm
Ingredient[88]: xjksh
Ingredient[178]: hnvhqczc
Ingredient[192]: xjcvt
Ingredient[105]: fsxj
Ingredient[49]: hjn
Ingredient[29]: fjqv
Ingredient[128]: rglsgs
Ingredient[38]: zbhp
Ingredient[9]: ccn
Ingredient[82]: kshg
Ingredient[186]: bsdc
Ingredient[190]: pvnr
Ingredient[117]: bgjcg
Ingredient[45]: nvnx
Ingredient[195]: hnnmrxh
Ingredient[121]: cntfq
Ingredient[173]: rpgrk
Ingredient[97]: gqkf
Ingredient[14]: shc
Ingredient[182]: nxbn
Ingredient[18]: qrdpc
Ingredient[34]: jrspd
Ingredient[77]: ktsnt
Ingredient[87]: brjcp
Ingredient[46]: dvjrrkv
Ingredient[142]: tgkxxjm
Ingredient[118]: jkgf
Ingredient[133]: kgpbh
Ingredient[3]: kgdvd
Ingredient[127]: zfqhnt
Ingredient[188]: lfgh
Ingredient[143]: ncksb
Ingredient[16]: nrdtprm
Ingredient[154]: vchxzh
Ingredient[89]: fsxf
Ingredient[101]: zdqd
Ingredient[65]: kphbtmkx
Ingredient[17]: skrxt
Ingredient[114]: flg
Ingredient[51]: gtsslgk
Ingredient[62]: zgcf
Ingredient[155]: tvgcv
Ingredient[196]: dftg
Ingredient[185]: lpm
Ingredient[21]: nxcrg
Ingredient[57]: dgdn
Ingredient[12]: xcljh
Ingredient[74]: qfgbx
Ingredient[157]: nzxs
Ingredient[100]: gbmv
Ingredient[54]: sgdlhb
Ingredient[20]: gdmv
Ingredient[149]: jdcbc
Ingredient[43]: fsr
Ingredient[26]: zjlz
Ingredient[59]: ctkjrt
Ingredient[140]: xntpsg
Ingredient[39]: hcc
Ingredient[161]: tkqp
Ingredient[139]: ptcnh
Ingredient[36]: gdljd
Ingredient[137]: rfcl
Ingredient[132]: znzx
Ingredient[156]: hpsrqbl
Ingredient[95]: xjqkbq
Ingredient[63]: jfm
Ingredient[35]: lqbcg
Ingredient[124]: nqbjlf
Ingredient[2]: mlcvjc
Ingredient[70]: tgkgj
Ingredient[200]: xbdhth
Ingredient[116]: zkhpc
Ingredient[56]: kscd
Ingredient[102]: nkgzzg
Ingredient[58]: svzfl
Ingredient[109]: sm
Ingredient[159]: jvgbct
Ingredient[4]: htxvfq
Ingredient[123]: rnsqjkq
Ingredient[44]: hnh
Ingredient[165]: mkmcq
Toxin[5]: wheat
Toxin[1]: sesame
dmjzc qgl jjmmn mgbv qjktms qszr zlfm kgfld qkbm xjksh hnvhqczc xjcvt fsxj hjn fjqv rglsgs zbhp ccn kshg bsdc pvnr bgjcg nvnx hnnmrxh cntfq rpgrk gqkf shc nxbn qrdpc jrspd ktsnt brjcp dvjrrkv tgkxxjm jkgf kgpbh kgdvd zfqhnt lfgh ncksb nrdtprm vchxzh fsxf zdqd kphbtmkx skrxt flg gtsslgk zgcf tvgcv dftg lpm nxcrg dgdn xcljh qfgbx nzxs gbmv sgdlhb gdmv jdcbc fsr zjlz ctkjrt xntpsg hcc tkqp ptcnh gdljd rfcl znzx hpsrqbl xjqkbq jfm lqbcg nqbjlf mlcvjc tgkgj xbdhth zkhpc kscd nkgzzg svzfl sm jvgbct htxvfq rnsqjkq hnh mkmcq (contains wheat, sesame)
Ingredient[123]: rnsqjkq
Ingredient[189]: zsggkm
Ingredient[30]: jqlp
Ingredient[1]: zdmhtpg
Ingredient[170]: bpvmb
Ingredient[174]: svjp
Ingredient[67]: pkrdz
Ingredient[89]: fsxf
Ingredient[152]: tkxxdnh
Ingredient[71]: zczht
Ingredient[19]: dcvtrq
Ingredient[13]: ndnlm
Ingredient[121]: cntfq
Ingredient[63]: jfm
Ingredient[102]: nkgzzg
Ingredient[75]: rqxfdd
Ingredient[151]: nrlbfc
Ingredient[98]: bzlnnv
Ingredient[165]: mkmcq
Ingredient[29]: fjqv
Ingredient[90]: tpdc
Ingredient[44]: hnh
Ingredient[52]: gtdb
Ingredient[182]: nxbn
Ingredient[172]: bbxsn
Ingredient[66]: mgbv
Ingredient[199]: pvpfn
Ingredient[15]: ncrn
Ingredient[74]: qfgbx
Ingredient[108]: sgqrvd
Ingredient[81]: knfx
Ingredient[192]: xjcvt
Ingredient[122]: brhmkh
Ingredient[155]: tvgcv
Ingredient[97]: gqkf
Ingredient[194]: prgjph
Ingredient[130]: qgl
Ingredient[45]: nvnx
Ingredient[11]: hqhnh
Ingredient[46]: dvjrrkv
Ingredient[188]: lfgh
Ingredient[50]: mknsj
Ingredient[25]: qzln
Ingredient[111]: jxftql
Ingredient[56]: kscd
Ingredient[51]: gtsslgk
Ingredient[183]: kpzbxfp
Ingredient[49]: hjn
Ingredient[187]: xcsxh
Ingredient[107]: gnq
Ingredient[28]: dmjzc
Ingredient[88]: xjksh
Ingredient[142]: tgkxxjm
Ingredient[164]: gzthtlg
Ingredient[61]: rzhktt
Ingredient[26]: zjlz
Ingredient[65]: kphbtmkx
Ingredient[43]: fsr
Ingredient[47]: fdqp
Ingredient[109]: sm
Ingredient[33]: bbtn
Ingredient[35]: lqbcg
Ingredient[91]: crjddsgj
Ingredient[14]: shc
Ingredient[38]: zbhp
Ingredient[128]: rglsgs
Ingredient[126]: nkcl
Ingredient[94]: hxgdp
Ingredient[137]: rfcl
Ingredient[79]: kgfld
Ingredient[18]: qrdpc
Ingredient[17]: skrxt
Ingredient[36]: gdljd
Ingredient[132]: znzx
Ingredient[68]: drj
Ingredient[2]: mlcvjc
Toxin[2]: shellfish
Toxin[8]: nuts
Toxin[3]: dairy
rnsqjkq zsggkm jqlp zdmhtpg bpvmb svjp pkrdz fsxf tkxxdnh zczht dcvtrq ndnlm cntfq jfm nkgzzg rqxfdd nrlbfc bzlnnv mkmcq fjqv tpdc hnh gtdb nxbn bbxsn mgbv pvpfn ncrn qfgbx sgqrvd knfx xjcvt brhmkh tvgcv gqkf prgjph qgl nvnx hqhnh dvjrrkv lfgh mknsj qzln jxftql kscd gtsslgk kpzbxfp hjn xcsxh gnq dmjzc xjksh tgkxxjm gzthtlg rzhktt zjlz kphbtmkx fsr fdqp sm bbtn lqbcg crjddsgj shc zbhp rglsgs nkcl hxgdp rfcl kgfld qrdpc skrxt gdljd znzx drj mlcvjc (contains shellfish, nuts, dairy)
Ingredient[58]: svzfl
Ingredient[105]: fsxj
Ingredient[99]: jjmmn
Ingredient[166]: chjqncr
Ingredient[35]: lqbcg
Ingredient[80]: mxm
Ingredient[116]: zkhpc
Ingredient[75]: rqxfdd
Ingredient[107]: gnq
Ingredient[82]: kshg
Ingredient[71]: zczht
Ingredient[36]: gdljd
Ingredient[138]: ndvnj
Ingredient[53]: fzl
Ingredient[137]: rfcl
Ingredient[196]: dftg
Ingredient[158]: qbvxrbs
Ingredient[74]: qfgbx
Ingredient[13]: ndnlm
Ingredient[2]: mlcvjc
Ingredient[66]: mgbv
Ingredient[117]: bgjcg
Ingredient[170]: bpvmb
Ingredient[10]: vhbjp
Ingredient[4]: htxvfq
Ingredient[185]: lpm
Ingredient[16]: nrdtprm
Ingredient[178]: hnvhqczc
Ingredient[113]: gppfld
Ingredient[87]: brjcp
Ingredient[118]: jkgf
Ingredient[123]: rnsqjkq
Ingredient[55]: fzckq
Ingredient[128]: rglsgs
Ingredient[28]: dmjzc
Ingredient[17]: skrxt
Ingredient[129]: nsnzxsc
Ingredient[167]: kssncfd
Ingredient[12]: xcljh
Ingredient[38]: zbhp
Ingredient[70]: tgkgj
Ingredient[65]: kphbtmkx
Ingredient[57]: dgdn
Ingredient[43]: fsr
Ingredient[81]: knfx
Ingredient[101]: zdqd
Ingredient[30]: jqlp
Ingredient[127]: zfqhnt
Ingredient[174]: svjp
Toxin[3]: dairy
svzfl fsxj jjmmn chjqncr lqbcg mxm zkhpc rqxfdd gnq kshg zczht gdljd ndvnj fzl rfcl dftg qbvxrbs qfgbx ndnlm mlcvjc mgbv bgjcg bpvmb vhbjp htxvfq lpm nrdtprm hnvhqczc gppfld brjcp jkgf rnsqjkq fzckq rglsgs dmjzc skrxt nsnzxsc kssncfd xcljh zbhp tgkgj kphbtmkx dgdn fsr knfx zdqd jqlp zfqhnt svjp (contains dairy)
Ingredient[151]: nrlbfc
Ingredient[93]: bgc
Ingredient[22]: hhxch
Ingredient[180]: lsll
Ingredient[74]: qfgbx
Ingredient[186]: bsdc
Ingredient[11]: hqhnh
Ingredient[119]: tnvtm
Ingredient[104]: gnnzj
Ingredient[52]: gtdb
Ingredient[28]: dmjzc
Ingredient[43]: fsr
Ingredient[35]: lqbcg
Ingredient[76]: hrtd
Ingredient[112]: kvqq
Ingredient[73]: lgjsd
Ingredient[99]: jjmmn
Ingredient[88]: xjksh
Ingredient[143]: ncksb
Ingredient[159]: jvgbct
Ingredient[154]: vchxzh
Ingredient[13]: ndnlm
Ingredient[4]: htxvfq
Ingredient[116]: zkhpc
Ingredient[105]: fsxj
Ingredient[59]: ctkjrt
Ingredient[5]: lxgxp
Ingredient[36]: gdljd
Ingredient[66]: mgbv
Ingredient[32]: sdclrlb
Ingredient[44]: hnh
Ingredient[56]: kscd
Ingredient[64]: gzhlbn
Ingredient[101]: zdqd
Ingredient[114]: flg
Ingredient[15]: ncrn
Ingredient[148]: ckzg
Ingredient[10]: vhbjp
Ingredient[23]: mv
Ingredient[63]: jfm
Ingredient[139]: ptcnh
Ingredient[100]: gbmv
Ingredient[109]: sm
Ingredient[65]: kphbtmkx
Ingredient[92]: hcrsbr
Ingredient[147]: rpqss
Ingredient[17]: skrxt
Ingredient[133]: kgpbh
Ingredient[167]: kssncfd
Ingredient[41]: lvft
Ingredient[117]: bgjcg
Ingredient[71]: zczht
Ingredient[136]: bgjs
Ingredient[16]: nrdtprm
Ingredient[12]: xcljh
Ingredient[170]: bpvmb
Ingredient[197]: qckqc
Ingredient[157]: nzxs
Ingredient[6]: kqxz
Ingredient[20]: gdmv
Ingredient[98]: bzlnnv
Ingredient[138]: ndvnj
Ingredient[111]: jxftql
Ingredient[144]: hkdls
Ingredient[118]: jkgf
Ingredient[95]: xjqkbq
Ingredient[178]: hnvhqczc
Ingredient[188]: lfgh
Ingredient[177]: prgj
Ingredient[2]: mlcvjc
Ingredient[7]: pfhfb
Ingredient[38]: zbhp
Ingredient[57]: dgdn
Ingredient[18]: qrdpc
Ingredient[45]: nvnx
Ingredient[194]: prgjph
Ingredient[168]: bdfmncs
Ingredient[175]: nxcsxc
Ingredient[146]: tmlm
Ingredient[30]: jqlp
Ingredient[161]: tkqp
Ingredient[54]: sgdlhb
Ingredient[8]: fnkdvt
Ingredient[153]: qjn
Ingredient[55]: fzckq
Ingredient[96]: bsgnsc
Ingredient[158]: qbvxrbs
Toxin[2]: shellfish
Toxin[7]: peanuts
Toxin[3]: dairy
nrlbfc bgc hhxch lsll qfgbx bsdc hqhnh tnvtm gnnzj gtdb dmjzc fsr lqbcg hrtd kvqq lgjsd jjmmn xjksh ncksb jvgbct vchxzh ndnlm htxvfq zkhpc fsxj ctkjrt lxgxp gdljd mgbv sdclrlb hnh kscd gzhlbn zdqd flg ncrn ckzg vhbjp mv jfm ptcnh gbmv sm kphbtmkx hcrsbr rpqss skrxt kgpbh kssncfd lvft bgjcg zczht bgjs nrdtprm xcljh bpvmb qckqc nzxs kqxz gdmv bzlnnv ndvnj jxftql hkdls jkgf xjqkbq hnvhqczc lfgh prgj mlcvjc pfhfb zbhp dgdn qrdpc nvnx prgjph bdfmncs nxcsxc tmlm jqlp tkqp sgdlhb fnkdvt qjn fzckq bsgnsc qbvxrbs (contains shellfish, peanuts, dairy)
Ingredient[98]: bzlnnv
Ingredient[31]: zcxthb
Ingredient[13]: ndnlm
Ingredient[34]: jrspd
Ingredient[48]: lctltv
Ingredient[37]: mvtkk
Ingredient[134]: zjkt
Ingredient[11]: hqhnh
Ingredient[29]: fjqv
Ingredient[113]: gppfld
Ingredient[38]: zbhp
Ingredient[54]: sgdlhb
Ingredient[81]: knfx
Ingredient[74]: qfgbx
Ingredient[144]: hkdls
Ingredient[30]: jqlp
Ingredient[67]: pkrdz
Ingredient[111]: jxftql
Ingredient[112]: kvqq
Ingredient[116]: zkhpc
Ingredient[100]: gbmv
Ingredient[103]: fdjrml
Ingredient[108]: sgqrvd
Ingredient[193]: fmcnhq
Ingredient[19]: dcvtrq
Ingredient[195]: hnnmrxh
Ingredient[90]: tpdc
Ingredient[56]: kscd
Ingredient[17]: skrxt
Ingredient[186]: bsdc
Ingredient[25]: qzln
Ingredient[12]: xcljh
Ingredient[35]: lqbcg
Ingredient[190]: pvnr
Ingredient[147]: rpqss
Ingredient[197]: qckqc
Ingredient[14]: shc
Ingredient[123]: rnsqjkq
Ingredient[46]: dvjrrkv
Ingredient[18]: qrdpc
Ingredient[132]: znzx
Ingredient[66]: mgbv
Ingredient[85]: ssk
Ingredient[51]: gtsslgk
Ingredient[117]: bgjcg
Ingredient[6]: kqxz
Ingredient[199]: pvpfn
Ingredient[178]: hnvhqczc
Ingredient[139]: ptcnh
Ingredient[170]: bpvmb
Ingredient[172]: bbxsn
Ingredient[76]: hrtd
Ingredient[181]: hvrrhc
Ingredient[107]: gnq
Ingredient[136]: bgjs
Ingredient[182]: nxbn
Ingredient[175]: nxcsxc
Ingredient[60]: tkvddn
Ingredient[130]: qgl
Ingredient[138]: ndvnj
Toxin[2]: shellfish
Toxin[8]: nuts
Toxin[5]: wheat
bzlnnv zcxthb ndnlm jrspd lctltv mvtkk zjkt hqhnh fjqv gppfld zbhp sgdlhb knfx qfgbx hkdls jqlp pkrdz jxftql kvqq zkhpc gbmv fdjrml sgqrvd fmcnhq dcvtrq hnnmrxh tpdc kscd skrxt bsdc qzln xcljh lqbcg pvnr rpqss qckqc shc rnsqjkq dvjrrkv qrdpc znzx mgbv ssk gtsslgk bgjcg kqxz pvpfn hnvhqczc ptcnh bpvmb bbxsn hrtd hvrrhc gnq bgjs nxbn nxcsxc tkvddn qgl ndvnj (contains shellfish, nuts, wheat)
Ingredient[70]: tgkgj
Ingredient[133]: kgpbh
Ingredient[122]: brhmkh
Ingredient[172]: bbxsn
Ingredient[120]: rnln
Ingredient[66]: mgbv
Ingredient[170]: bpvmb
Ingredient[199]: pvpfn
Ingredient[75]: rqxfdd
Ingredient[76]: hrtd
Ingredient[183]: kpzbxfp
Ingredient[52]: gtdb
Ingredient[33]: bbtn
Ingredient[57]: dgdn
Ingredient[184]: gfzjc
Ingredient[82]: kshg
Ingredient[171]: ltjt
Ingredient[114]: flg
Ingredient[106]: nrgn
Ingredient[18]: qrdpc
Ingredient[166]: chjqncr
Ingredient[34]: jrspd
Ingredient[16]: nrdtprm
Ingredient[91]: crjddsgj
Ingredient[168]: bdfmncs
Ingredient[160]: bhghks
Ingredient[143]: ncksb
Ingredient[144]: hkdls
Ingredient[198]: zlfm
Ingredient[46]: dvjrrkv
Ingredient[51]: gtsslgk
Ingredient[108]: sgqrvd
Ingredient[54]: sgdlhb
Ingredient[140]: xntpsg
Ingredient[38]: zbhp
Ingredient[19]: dcvtrq
Ingredient[5]: lxgxp
Ingredient[162]: gfq
Ingredient[65]: kphbtmkx
Ingredient[35]: lqbcg
Ingredient[169]: bqjqf
Ingredient[153]: qjn
Ingredient[116]: zkhpc
Ingredient[200]: xbdhth
Ingredient[25]: qzln
Ingredient[117]: bgjcg
Ingredient[118]: jkgf
Ingredient[15]: ncrn
Ingredient[182]: nxbn
Ingredient[132]: znzx
Ingredient[175]: nxcsxc
Ingredient[87]: brjcp
Ingredient[124]: nqbjlf
Ingredient[1]: zdmhtpg
Ingredient[86]: tgxvz
Ingredient[43]: fsr
Ingredient[151]: nrlbfc
Ingredient[194]: prgjph
Ingredient[113]: gppfld
Ingredient[27]: qkbm
Ingredient[12]: xcljh
Ingredient[61]: rzhktt
Ingredient[138]: ndvnj
Ingredient[13]: ndnlm
Ingredient[29]: fjqv
Ingredient[181]: hvrrhc
Toxin[7]: peanuts
Toxin[3]: dairy
Toxin[4]: soy
tgkgj kgpbh brhmkh bbxsn rnln mgbv bpvmb pvpfn rqxfdd hrtd kpzbxfp gtdb bbtn dgdn gfzjc kshg ltjt flg nrgn qrdpc chjqncr jrspd nrdtprm crjddsgj bdfmncs bhghks ncksb hkdls zlfm dvjrrkv gtsslgk sgqrvd sgdlhb xntpsg zbhp dcvtrq lxgxp gfq kphbtmkx lqbcg bqjqf qjn zkhpc xbdhth qzln bgjcg jkgf ncrn nxbn znzx nxcsxc brjcp nqbjlf zdmhtpg tgxvz fsr nrlbfc prgjph gppfld qkbm xcljh rzhktt ndvnj ndnlm fjqv hvrrhc (contains peanuts, dairy, soy)
Ingredient[90]: tpdc
Ingredient[126]: nkcl
Ingredient[124]: nqbjlf
Ingredient[143]: ncksb
Ingredient[91]: crjddsgj
Ingredient[177]: prgj
Ingredient[4]: htxvfq
Ingredient[52]: gtdb
Ingredient[98]: bzlnnv
Ingredient[45]: nvnx
Ingredient[144]: hkdls
Ingredient[53]: fzl
Ingredient[46]: dvjrrkv
Ingredient[32]: sdclrlb
Ingredient[161]: tkqp
Ingredient[187]: xcsxh
Ingredient[169]: bqjqf
Ingredient[76]: hrtd
Ingredient[24]: dscm
Ingredient[7]: pfhfb
Ingredient[174]: svjp
Ingredient[75]: rqxfdd
Ingredient[181]: hvrrhc
Ingredient[16]: nrdtprm
Ingredient[66]: mgbv
Ingredient[95]: xjqkbq
Ingredient[116]: zkhpc
Ingredient[71]: zczht
Ingredient[137]: rfcl
Ingredient[43]: fsr
Ingredient[123]: rnsqjkq
Ingredient[38]: zbhp
Ingredient[83]: nhlxntg
Ingredient[13]: ndnlm
Ingredient[30]: jqlp
Ingredient[186]: bsdc
Ingredient[49]: hjn
Ingredient[40]: ntbqk
Ingredient[51]: gtsslgk
Ingredient[87]: brjcp
Ingredient[61]: rzhktt
Ingredient[72]: tlv
Ingredient[142]: tgkxxjm
Ingredient[81]: knfx
Ingredient[85]: ssk
Ingredient[88]: xjksh
Ingredient[21]: nxcrg
Ingredient[28]: dmjzc
Ingredient[133]: kgpbh
Ingredient[106]: nrgn
Ingredient[176]: lvtj
Ingredient[58]: svzfl
Ingredient[14]: shc
Ingredient[2]: mlcvjc
Ingredient[73]: lgjsd
Ingredient[100]: gbmv
Ingredient[112]: kvqq
Ingredient[135]: mhqxk
Ingredient[175]: nxcsxc
Ingredient[64]: gzhlbn
Ingredient[146]: tmlm
Ingredient[31]: zcxthb
Ingredient[127]: zfqhnt
Ingredient[84]: qpp
Ingredient[12]: xcljh
Ingredient[48]: lctltv
Ingredient[39]: hcc
Ingredient[56]: kscd
Ingredient[29]: fjqv
Ingredient[80]: mxm
Ingredient[18]: qrdpc
Ingredient[1]: zdmhtpg
Ingredient[150]: kvhbj
Ingredient[17]: skrxt
Ingredient[131]: qszr
Ingredient[139]: ptcnh
Ingredient[125]: xvzlpx
Ingredient[62]: zgcf
Ingredient[19]: dcvtrq
Ingredient[33]: bbtn
Ingredient[198]: zlfm
Ingredient[115]: jjdgtt
Ingredient[111]: jxftql
Ingredient[47]: fdqp
Ingredient[140]: xntpsg
Toxin[6]: fish
Toxin[2]: shellfish
Toxin[1]: sesame
tpdc nkcl nqbjlf ncksb crjddsgj prgj htxvfq gtdb bzlnnv nvnx hkdls fzl dvjrrkv sdclrlb tkqp xcsxh bqjqf hrtd dscm pfhfb svjp rqxfdd hvrrhc nrdtprm mgbv xjqkbq zkhpc zczht rfcl fsr rnsqjkq zbhp nhlxntg ndnlm jqlp bsdc hjn ntbqk gtsslgk brjcp rzhktt tlv tgkxxjm knfx ssk xjksh nxcrg dmjzc kgpbh nrgn lvtj svzfl shc mlcvjc lgjsd gbmv kvqq mhqxk nxcsxc gzhlbn tmlm zcxthb zfqhnt qpp xcljh lctltv hcc kscd fjqv mxm qrdpc zdmhtpg kvhbj skrxt qszr ptcnh xvzlpx zgcf dcvtrq bbtn zlfm jjdgtt jxftql fdqp xntpsg (contains fish, shellfish, sesame)
Ingredient[43]: fsr
Ingredient[46]: dvjrrkv
Ingredient[148]: ckzg
Ingredient[26]: zjlz
Ingredient[121]: cntfq
Ingredient[39]: hcc
Ingredient[124]: nqbjlf
Ingredient[58]: svzfl
Ingredient[85]: ssk
Ingredient[154]: vchxzh
Ingredient[126]: nkcl
Ingredient[38]: zbhp
Ingredient[66]: mgbv
Ingredient[92]: hcrsbr
Ingredient[105]: fsxj
Ingredient[187]: xcsxh
Ingredient[9]: ccn
Ingredient[173]: rpgrk
Ingredient[160]: bhghks
Ingredient[197]: qckqc
Ingredient[139]: ptcnh
Ingredient[36]: gdljd
Ingredient[94]: hxgdp
Ingredient[27]: qkbm
Ingredient[37]: mvtkk
Ingredient[123]: rnsqjkq
Ingredient[120]: rnln
Ingredient[194]: prgjph
Ingredient[113]: gppfld
Ingredient[196]: dftg
Ingredient[2]: mlcvjc
Ingredient[51]: gtsslgk
Ingredient[117]: bgjcg
Ingredient[93]: bgc
Ingredient[149]: jdcbc
Ingredient[71]: zczht
Ingredient[48]: lctltv
Ingredient[184]: gfzjc
Ingredient[174]: svjp
Ingredient[125]: xvzlpx
Ingredient[32]: sdclrlb
Ingredient[17]: skrxt
Ingredient[74]: qfgbx
Ingredient[21]: nxcrg
Ingredient[19]: dcvtrq
Ingredient[14]: shc
Ingredient[108]: sgqrvd
Ingredient[70]: tgkgj
Ingredient[65]: kphbtmkx
Ingredient[55]: fzckq
Ingredient[169]: bqjqf
Ingredient[91]: crjddsgj
Ingredient[83]: nhlxntg
Ingredient[30]: jqlp
Ingredient[164]: gzthtlg
Ingredient[62]: zgcf
Ingredient[59]: ctkjrt
Ingredient[163]: zmnflgt
Ingredient[33]: bbtn
Ingredient[68]: drj
Ingredient[13]: ndnlm
Ingredient[147]: rpqss
Ingredient[41]: lvft
Ingredient[12]: xcljh
Toxin[2]: shellfish
fsr dvjrrkv ckzg zjlz cntfq hcc nqbjlf svzfl ssk vchxzh nkcl zbhp mgbv hcrsbr fsxj xcsxh ccn rpgrk bhghks qckqc ptcnh gdljd hxgdp qkbm mvtkk rnsqjkq rnln prgjph gppfld dftg mlcvjc gtsslgk bgjcg bgc jdcbc zczht lctltv gfzjc svjp xvzlpx sdclrlb skrxt qfgbx nxcrg dcvtrq shc sgqrvd tgkgj kphbtmkx fzckq bqjqf crjddsgj nhlxntg jqlp gzthtlg zgcf ctkjrt zmnflgt bbtn drj ndnlm rpqss lvft xcljh (contains shellfish)
Ingredient[67]: pkrdz
Ingredient[138]: ndvnj
Ingredient[132]: znzx
Ingredient[88]: xjksh
Ingredient[38]: zbhp
Ingredient[76]: hrtd
Ingredient[56]: kscd
Ingredient[3]: kgdvd
Ingredient[59]: ctkjrt
Ingredient[189]: zsggkm
Ingredient[53]: fzl
Ingredient[134]: zjkt
Ingredient[1]: zdmhtpg
Ingredient[187]: xcsxh
Ingredient[161]: tkqp
Ingredient[35]: lqbcg
Ingredient[167]: kssncfd
Ingredient[172]: bbxsn
Ingredient[98]: bzlnnv
Ingredient[66]: mgbv
Ingredient[133]: kgpbh
Ingredient[145]: krhmfb
Ingredient[129]: nsnzxsc
Ingredient[85]: ssk
Ingredient[194]: prgjph
Ingredient[193]: fmcnhq
Ingredient[188]: lfgh
Ingredient[117]: bgjcg
Ingredient[43]: fsr
Ingredient[33]: bbtn
Ingredient[87]: brjcp
Ingredient[6]: kqxz
Ingredient[21]: nxcrg
Ingredient[17]: skrxt
Ingredient[137]: rfcl
Ingredient[112]: kvqq
Ingredient[122]: brhmkh
Ingredient[158]: qbvxrbs
Ingredient[156]: hpsrqbl
Ingredient[73]: lgjsd
Ingredient[65]: kphbtmkx
Ingredient[157]: nzxs
Ingredient[13]: ndnlm
Ingredient[96]: bsgnsc
Ingredient[23]: mv
Ingredient[125]: xvzlpx
Ingredient[143]: ncksb
Ingredient[106]: nrgn
Ingredient[147]: rpqss
Ingredient[146]: tmlm
Ingredient[126]: nkcl
Ingredient[46]: dvjrrkv
Ingredient[119]: tnvtm
Ingredient[185]: lpm
Ingredient[200]: xbdhth
Ingredient[108]: sgqrvd
Ingredient[5]: lxgxp
Ingredient[77]: ktsnt
Ingredient[165]: mkmcq
Ingredient[83]: nhlxntg
Toxin[6]: fish
Toxin[2]: shellfish
Toxin[8]: nuts
pkrdz ndvnj znzx xjksh zbhp hrtd kscd kgdvd ctkjrt zsggkm fzl zjkt zdmhtpg xcsxh tkqp lqbcg kssncfd bbxsn bzlnnv mgbv kgpbh krhmfb nsnzxsc ssk prgjph fmcnhq lfgh bgjcg fsr bbtn brjcp kqxz nxcrg skrxt rfcl kvqq brhmkh qbvxrbs hpsrqbl lgjsd kphbtmkx nzxs ndnlm bsgnsc mv xvzlpx ncksb nrgn rpqss tmlm nkcl dvjrrkv tnvtm lpm xbdhth sgqrvd lxgxp ktsnt mkmcq nhlxntg (contains fish, shellfish, nuts)
40 lines accepted
200 ingredients accepted
8 toxins accepted

Ouput Section

Ingredient[   1] zdmhtpg : 1 2 8 11 13 23 26 33 37 38 40 
Ingredient[   2] mlcvjc : 1 2 8 10 11 15 19 22 23 28 29 32 33 34 35 38 39 
Ingredient[   3] kgdvd : 1 9 11 13 17 21 25 28 31 32 40 
Ingredient[   4] htxvfq : 1 6 10 11 16 17 21 31 32 34 35 38 
Ingredient[   5] lxgxp : 1 3 4 5 16 18 22 23 26 27 29 35 37 40 
Ingredient[   6] kqxz : 1 4 6 8 13 16 19 23 24 27 35 36 40 
Ingredient[   7] pfhfb : 1 3 5 6 8 12 15 16 30 31 35 38 
Ingredient[   8] fnkdvt : 1 3 5 8 10 11 13 15 18 21 23 25 26 28 31 35 
Ingredient[   9] ccn : 1 2 6 7 9 12 14 15 16 19 20 21 24 26 31 32 39 
Ingredient[  10] vhbjp : 1 3 8 13 20 22 24 26 29 30 34 35 
Ingredient[  11] hqhnh : 1 3 5 7 14 15 16 17 19 21 22 26 27 28 31 33 35 36 
Ingredient[  12] xcljh : 1 2 3 4 5 6 7 8 9 10 11 12 13 14 15 16 17 18 19 20 21 23 24 25 26 27 29 30 31 32 34 35 36 37 38 39 
Ingredient[  13] ndnlm : 1 2 3 4 5 6 7 8 11 12 13 14 15 17 19 20 21 22 23 24 25 27 28 29 30 31 33 34 35 36 37 38 39 40 
Ingredient[  14] shc : 1 6 9 11 14 17 21 23 28 29 30 32 33 36 38 39 
Ingredient[  15] ncrn : 1 3 10 16 23 24 26 33 35 37 
Ingredient[  16] nrdtprm : 1 3 7 10 11 12 13 14 15 20 21 23 24 26 27 29 32 34 35 37 38 
Ingredient[  17] skrxt : 1 2 3 6 8 9 10 11 13 14 15 16 17 18 20 21 22 23 24 25 26 27 28 29 30 31 32 33 34 35 36 38 39 40 
Ingredient[  18] qrdpc : 1 6 8 10 19 31 32 33 35 36 37 38 
Ingredient[  19] dcvtrq : 1 3 8 10 11 17 33 36 37 38 39 
Ingredient[  20] gdmv : 1 2 4 5 7 12 13 16 20 23 27 32 35 
Ingredient[  21] nxcrg : 1 2 3 4 5 6 7 8 15 18 24 27 28 32 38 39 40 
Ingredient[  22] hhxch : 1 2 3 8 13 16 17 19 21 22 24 31 35 
Ingredient[  23] mv : 1 2 3 6 9 10 11 16 23 25 28 35 40 
Ingredient[  24] dscm : 1 8 10 11 15 16 17 23 26 27 38 
Ingredient[  25] qzln : 1 3 4 11 21 23 26 29 31 33 36 37 
Ingredient[  26] zjlz : 1 7 9 15 17 20 22 23 25 27 28 29 31 32 33 39 
Ingredient[  27] qkbm : 1 2 5 6 9 10 17 18 19 20 22 32 37 39 
Ingredient[  28] dmjzc : 1 2 3 7 11 14 15 17 24 31 32 33 34 35 38 
Ingredient[  29] fjqv : 1 4 6 8 11 17 19 22 25 27 32 33 36 37 38 
Ingredient[  30] jqlp : 1 2 3 10 11 12 17 18 21 23 24 30 31 33 34 35 36 38 39 
Ingredient[  31] zcxthb : 1 5 6 9 10 17 21 22 24 29 30 36 38 
Ingredient[  32] sdclrlb : 1 4 6 8 17 23 27 31 35 38 39 
Ingredient[  33] bbtn : 1 7 9 17 20 21 24 33 37 38 39 40 
Ingredient[  34] jrspd : 1 8 10 18 19 23 28 29 32 36 37 
Ingredient[  35] lqbcg : 1 4 5 7 8 9 10 11 12 13 14 15 16 17 18 19 22 23 24 25 26 28 29 30 31 32 33 34 35 36 37 40 
Ingredient[  36] gdljd : 1 10 11 12 13 14 15 27 28 29 30 31 32 33 34 35 39 
Ingredient[  37] mvtkk : 1 5 8 10 19 25 36 39 
Ingredient[  38] zbhp : 1 2 3 4 5 6 7 8 9 10 11 12 13 14 15 16 18 19 20 21 22 23 24 25 26 27 28 29 30 31 32 33 34 35 36 37 38 39 40 
Ingredient[  39] hcc : 1 5 7 8 18 19 23 25 31 32 38 39 
Ingredient[  40] ntbqk : 1 2 3 4 10 12 19 21 23 25 27 31 38 
Ingredient[  41] lvft : 1 4 6 15 27 35 39 
Ingredient[  42] glj : 1 4 6 8 11 12 13 16 18 27 
Ingredient[  43] fsr : 1 2 3 4 5 6 7 8 9 10 11 12 13 14 15 16 17 18 19 20 21 22 23 24 26 27 28 29 30 31 32 33 34 35 37 38 39 40 
Ingredient[  44] hnh : 1 2 8 24 27 28 30 32 33 35 
Ingredient[  45] nvnx : 1 3 6 12 13 16 17 18 21 23 28 31 32 33 35 38 
Ingredient[  46] dvjrrkv : 1 2 3 4 5 6 7 9 10 12 13 14 15 16 17 18 19 20 21 22 24 25 26 27 28 29 30 31 32 33 36 37 38 39 40 
Ingredient[  47] fdqp : 1 6 8 11 18 20 21 24 25 27 28 29 33 38 
Ingredient[  48] lctltv : 1 10 14 15 16 25 28 36 38 39 
Ingredient[  49] hjn : 1 5 12 15 17 18 25 30 31 32 33 38 
Ingredient[  50] mknsj : 1 2 9 14 15 17 19 22 27 28 33 
Ingredient[  51] gtsslgk : 1 2 6 10 13 15 20 25 27 32 33 36 37 38 39 
Ingredient[  52] gtdb : 2 4 8 9 11 15 17 18 19 22 30 33 35 37 38 
Ingredient[  53] fzl : 2 5 9 19 23 26 34 38 40 
Ingredient[  54] sgdlhb : 2 4 9 11 13 16 17 18 23 24 25 30 31 32 35 36 37 
Ingredient[  55] fzckq : 2 3 9 12 18 22 23 27 34 35 39 
Ingredient[  56] kscd : 2 3 16 19 22 25 31 32 33 35 36 38 40 
Ingredient[  57] dgdn : 2 5 7 9 10 11 13 20 25 29 31 32 34 35 37 
Ingredient[  58] svzfl : 2 4 11 20 22 25 28 31 32 34 38 39 
Ingredient[  59] ctkjrt : 2 5 10 11 13 17 32 35 39 40 
Ingredient[  60] tkvddn : 2 4 5 7 9 14 18 23 26 27 28 31 36 
Ingredient[  61] rzhktt : 2 3 4 5 10 17 21 22 24 33 37 38 
Ingredient[  62] zgcf : 2 3 6 7 8 13 15 18 25 32 38 39 
Ingredient[  63] jfm : 2 4 5 6 18 20 25 27 29 30 32 33 35 
Ingredient[  64] gzhlbn : 2 5 10 11 22 24 28 31 35 38 
Ingredient[  65] kphbtmkx : 2 10 20 23 26 32 33 34 35 37 39 40 
Ingredient[  66] mgbv : 2 3 4 5 6 7 8 9 10 11 12 16 17 18 19 20 21 22 23 25 26 27 28 32 33 34 35 36 37 38 39 40 
Ingredient[  67] pkrdz : 2 3 6 9 10 12 15 21 24 28 31 33 36 40 
Ingredient[  68] drj : 2 10 14 17 19 21 33 39 
Ingredient[  69] lqgn : 2 7 8 9 19 21 23 26 30 
Ingredient[  70] tgkgj : 2 3 6 8 10 16 19 21 28 32 34 37 39 
Ingredient[  71] zczht : 2 5 7 14 17 27 29 30 33 34 35 38 39 
Ingredient[  72] tlv : 2 10 12 13 17 18 20 21 27 30 31 38 
Ingredient[  73] lgjsd : 2 6 16 18 19 22 23 24 26 35 38 40 
Ingredient[  74] qfgbx : 2 6 9 10 21 22 27 31 32 33 34 35 36 39 
Ingredient[  75] rqxfdd : 2 3 6 7 15 16 21 24 29 31 33 34 37 38 
Ingredient[  76] hrtd : 2 4 7 10 11 16 22 23 26 27 30 35 36 37 38 40 
Ingredient[  77] ktsnt : 2 8 9 10 23 25 26 31 32 40 
Ingredient[  78] jmt : 2 3 5 8 9 19 25 26 27 28 
Ingredient[  79] kgfld : 2 3 4 5 7 10 13 22 25 26 31 32 33 
Ingredient[  80] mxm : 2 3 5 6 11 15 26 34 38 
Ingredient[  81] knfx : 2 5 8 12 13 17 21 31 33 34 36 38 
Ingredient[  82] kshg : 2 5 8 10 11 18 25 26 32 34 37 
Ingredient[  83] nhlxntg : 2 3 6 8 12 13 21 22 23 26 30 38 39 40 
Ingredient[  84] qpp : 2 4 5 6 8 10 15 17 19 21 38 
Ingredient[  85] ssk : 2 5 8 12 13 17 21 22 24 25 26 28 29 30 31 36 38 39 40 
Ingredient[  86] tgxvz : 2 3 5 6 8 13 18 22 25 29 37 
Ingredient[  87] brjcp : 2 3 9 11 17 19 22 26 30 32 34 37 38 40 
Ingredient[  88] xjksh : 2 5 8 9 11 26 27 28 32 33 35 38 40 
Ingredient[  89] fsxf : 2 6 8 13 14 18 19 20 23 24 26 32 33 
Ingredient[  90] tpdc : 2 3 4 5 10 12 16 21 22 24 25 26 29 33 36 38 
Ingredient[  91] crjddsgj : 2 3 11 16 17 29 33 37 38 39 
Ingredient[  92] hcrsbr : 2 3 6 10 14 15 19 21 22 27 35 39 
Ingredient[  93] bgc : 2 4 7 8 10 13 16 17 18 20 23 24 35 39 
Ingredient[  94] hxgdp : 2 3 4 6 8 13 16 17 19 22 26 33 39 
Ingredient[  95] xjqkbq : 2 4 5 6 8 14 15 17 18 22 23 27 32 35 38 
Ingredient[  96] bsgnsc : 2 3 6 7 9 10 12 14 15 16 17 20 23 24 27 30 35 40 
Ingredient[  97] gqkf : 2 4 7 9 13 15 22 25 26 27 31 32 33 
Ingredient[  98] bzlnnv : 2 5 8 9 12 15 19 27 28 31 33 35 36 38 40 
Ingredient[  99] jjmmn : 2 3 8 10 14 17 19 20 23 28 30 32 34 35 
Ingredient[ 100] gbmv : 2 5 10 17 24 26 28 32 35 36 38 
Ingredient[ 101] zdqd : 2 4 7 10 11 17 18 27 28 31 32 34 35 
Ingredient[ 102] nkgzzg : 3 6 8 11 12 16 21 23 24 27 31 32 33 
Ingredient[ 103] fdjrml : 3 4 9 11 18 24 28 29 31 36 
Ingredient[ 104] gnnzj : 3 15 17 19 23 35 
Ingredient[ 105] fsxj : 3 10 22 26 32 34 35 39 
Ingredient[ 106] nrgn : 3 4 5 6 8 13 14 15 16 19 20 21 25 26 28 30 31 37 38 40 
Ingredient[ 107] gnq : 3 4 7 13 19 23 24 31 33 34 36 
Ingredient[ 108] sgqrvd : 3 4 6 10 15 19 21 22 23 25 31 33 36 37 39 40 
Ingredient[ 109] sm : 3 5 6 7 15 17 24 32 33 35 
Ingredient[ 110] qjktms : 3 5 6 8 9 16 19 20 21 23 24 28 29 30 32 
Ingredient[ 111] jxftql : 3 5 6 7 13 19 21 25 26 29 33 35 36 38 
Ingredient[ 112] kvqq : 3 5 6 10 15 18 19 22 23 35 36 38 40 
Ingredient[ 113] gppfld : 3 6 8 29 34 36 37 39 
Ingredient[ 114] flg : 3 4 7 8 9 12 13 14 15 19 26 27 32 35 37 
Ingredient[ 115] jjdgtt : 3 5 6 8 15 17 27 29 30 38 
Ingredient[ 116] zkhpc : 3 4 5 7 10 11 13 21 22 28 29 32 34 35 36 37 38 
Ingredient[ 117] bgjcg : 3 6 10 15 18 19 20 25 29 31 32 34 35 36 37 39 40 
Ingredient[ 118] jkgf : 3 9 17 22 23 25 26 31 32 34 35 37 
Ingredient[ 119] tnvtm : 3 5 6 9 11 15 22 27 30 35 40 
Ingredient[ 120] rnln : 3 4 5 7 9 10 11 13 14 17 20 23 26 28 31 37 39 
Ingredient[ 121] cntfq : 3 4 6 7 8 11 12 14 15 16 17 19 32 33 39 
Ingredient[ 122] brhmkh : 3 4 9 13 15 24 26 27 29 31 33 37 40 
Ingredient[ 123] rnsqjkq : 3 6 9 10 11 12 13 14 15 16 20 21 24 25 26 30 31 32 33 34 36 38 39 
Ingredient[ 124] nqbjlf : 3 6 8 19 22 32 37 38 39 
Ingredient[ 125] xvzlpx : 3 4 6 8 11 13 17 21 23 26 29 38 39 40 
Ingredient[ 126] nkcl : 3 8 9 13 19 20 22 24 33 38 39 40 
Ingredient[ 127] zfqhnt : 3 4 10 21 22 24 27 29 32 34 38 
Ingredient[ 128] rglsgs : 3 5 8 15 16 21 24 26 27 29 32 33 34 
Ingredient[ 129] nsnzxsc : 3 6 13 17 18 19 21 28 34 40 
Ingredient[ 130] qgl : 3 4 5 7 10 14 15 19 20 32 33 36 
Ingredient[ 131] qszr : 4 8 10 13 17 18 21 25 29 32 38 
Ingredient[ 132] znzx : 4 10 12 17 20 21 22 28 29 31 32 33 36 37 40 
Ingredient[ 133] kgpbh : 4 7 8 11 12 22 25 27 32 35 37 38 40 
Ingredient[ 134] zjkt : 4 5 10 11 12 16 17 19 20 23 27 28 36 40 
Ingredient[ 135] mhqxk : 4 5 7 8 9 10 11 14 15 17 18 19 29 38 
Ingredient[ 136] bgjs : 4 6 8 10 11 15 17 19 20 26 30 31 35 36 
Ingredient[ 137] rfcl : 4 5 8 9 10 14 17 18 19 20 29 32 33 34 38 40 
Ingredient[ 138] ndvnj : 4 5 13 16 23 26 29 30 31 34 35 36 37 40 
Ingredient[ 139] ptcnh : 4 5 8 9 11 18 27 31 32 35 36 38 39 
Ingredient[ 140] xntpsg : 4 9 13 15 17 19 20 24 25 32 37 38 
Ingredient[ 141] xxbnf : 4 5 8 10 13 18 30 
Ingredient[ 142] tgkxxjm : 4 5 10 11 14 15 16 17 18 29 32 33 38 
Ingredient[ 143] ncksb : 4 10 17 19 32 35 37 38 40 
Ingredient[ 144] hkdls : 4 7 8 10 11 12 13 17 19 26 30 31 35 36 37 38 
Ingredient[ 145] krhmfb : 4 6 12 13 20 24 27 40 
Ingredient[ 146] tmlm : 4 6 16 17 18 19 24 25 30 31 35 38 40 
Ingredient[ 147] rpqss : 4 5 6 7 9 15 31 35 36 39 40 
Ingredient[ 148] ckzg : 4 5 6 7 11 17 19 35 39 
Ingredient[ 149] jdcbc : 4 5 7 9 11 13 14 22 23 24 26 27 28 30 32 39 
Ingredient[ 150] kvhbj : 4 8 9 19 21 28 38 
Ingredient[ 151] nrlbfc : 4 10 18 19 22 23 25 30 31 33 35 37 
Ingredient[ 152] tkxxdnh : 4 5 10 17 18 21 23 24 25 26 27 28 31 33 
Ingredient[ 153] qjn : 4 5 6 8 10 11 13 16 17 19 24 25 27 29 30 31 35 37 
Ingredient[ 154] vchxzh : 4 5 6 10 25 29 31 32 35 39 
Ingredient[ 155] tvgcv : 4 8 9 11 13 14 15 17 19 24 28 29 31 32 33 
Ingredient[ 156] hpsrqbl : 5 6 9 10 12 16 17 18 28 29 32 40 
Ingredient[ 157] nzxs : 5 16 17 19 23 24 26 32 35 40 
Ingredient[ 158] qbvxrbs : 5 6 8 10 12 18 22 25 34 35 40 
Ingredient[ 159] jvgbct : 5 8 11 13 14 16 18 19 23 25 30 32 35 
Ingredient[ 160] bhghks : 5 7 8 10 12 16 17 19 20 21 24 37 39 
Ingredient[ 161] tkqp : 5 15 16 18 19 21 22 23 28 32 35 38 40 
Ingredient[ 162] gfq : 5 7 8 13 22 23 25 37 
Ingredient[ 163] zmnflgt : 5 6 10 25 27 31 39 
Ingredient[ 164] gzthtlg : 5 6 7 8 13 15 16 19 21 29 31 33 39 
Ingredient[ 165] mkmcq : 5 7 9 13 14 15 24 26 32 33 40 
Ingredient[ 166] chjqncr : 5 9 14 16 17 21 25 26 34 37 
Ingredient[ 167] kssncfd : 5 8 13 14 19 21 24 26 28 34 35 40 
Ingredient[ 168] bdfmncs : 5 7 8 10 13 14 19 21 23 24 28 29 30 35 37 
Ingredient[ 169] bqjqf : 6 9 10 12 14 19 23 26 28 29 31 37 38 39 
Ingredient[ 170] bpvmb : 6 8 12 14 17 20 23 24 31 33 34 35 36 37 
Ingredient[ 171] ltjt : 6 7 9 13 16 18 19 20 24 29 37 
Ingredient[ 172] bbxsn : 6 9 10 11 16 23 25 27 33 36 37 40 
Ingredient[ 173] rpgrk : 6 9 11 14 18 20 24 26 32 39 
Ingredient[ 174] svjp : 6 14 15 25 28 29 33 34 38 39 
Ingredient[ 175] nxcsxc : 6 8 11 13 16 19 23 25 29 31 35 36 37 38 
Ingredient[ 176] lvtj : 6 10 17 19 26 30 38 
Ingredient[ 177] prgj : 7 8 15 16 19 21 22 23 24 35 38 
Ingredient[ 178] hnvhqczc : 7 13 23 31 32 34 35 36 
Ingredient[ 179] skkt : 7 8 10 11 15 19 20 23 28 
Ingredient[ 180] lsll : 7 8 9 10 14 18 20 22 25 26 27 29 30 35 
Ingredient[ 181] hvrrhc : 7 9 13 21 23 25 36 37 38 
Ingredient[ 182] nxbn : 7 8 10 18 23 26 30 31 32 33 36 37 
Ingredient[ 183] kpzbxfp : 8 11 13 15 21 23 30 33 37 
Ingredient[ 184] gfzjc : 8 15 17 22 24 37 39 
Ingredient[ 185] lpm : 8 9 11 13 15 19 21 24 25 27 29 32 34 40 
Ingredient[ 186] bsdc : 8 9 11 13 22 23 24 26 27 29 32 35 36 38 
Ingredient[ 187] xcsxh : 8 10 14 17 18 23 25 27 33 38 39 40 
Ingredient[ 188] lfgh : 9 10 19 20 31 32 33 35 40 
Ingredient[ 189] zsggkm : 9 10 16 20 21 23 24 30 31 33 40 
Ingredient[ 190] pvnr : 9 14 19 24 25 29 32 36 
Ingredient[ 191] lhcm : 9 11 15 16 19 20 21 22 24 25 26 31 
Ingredient[ 192] xjcvt : 10 19 23 26 28 32 33 
Ingredient[ 193] fmcnhq : 10 11 15 16 21 22 24 26 27 29 31 36 40 
Ingredient[ 194] prgjph : 10 13 14 15 17 18 21 24 25 27 29 33 35 37 39 40 
Ingredient[ 195] hnnmrxh : 10 13 14 20 21 24 30 32 36 
Ingredient[ 196] dftg : 10 13 15 18 23 24 25 28 29 32 34 39 
Ingredient[ 197] qckqc : 11 13 19 30 31 35 36 39 
Ingredient[ 198] zlfm : 12 15 22 23 24 25 28 31 32 37 38 
Ingredient[ 199] pvpfn : 13 19 26 28 29 30 31 33 36 37 
Ingredient[ 200] xbdhth : 14 18 19 24 25 30 32 37 40 
Toxin[   1] sesame : 1 3 6 7 10 12 13 14 15 17 26 29 31 32 38 
Toxin[   2] shellfish : 1 4 14 15 19 22 27 28 31 33 35 36 38 39 40 
Toxin[   3] dairy : 1 2 5 13 21 24 26 29 31 33 34 35 37 
Toxin[   4] soy : 3 5 8 11 14 37 
Toxin[   5] wheat : 3 6 8 12 20 21 22 25 26 30 32 36 
Toxin[   6] fish : 6 9 13 16 18 22 23 38 40 
Toxin[   7] peanuts : 8 9 10 18 21 27 35 37 
Toxin[   8] nuts : 11 23 29 33 36 40 

Deductions Section

Ingredient[12] xcljh >= Toxin[1] sesame
Ingredient[43] fsr >= Toxin[1] sesame
Ingredient[46] dvjrrkv >= Toxin[1] sesame
Ingredient[13] ndnlm >= Toxin[2] shellfish
Ingredient[38] zbhp >= Toxin[2] shellfish
Ingredient[38] zbhp >= Toxin[3] dairy
Ingredient[43] fsr >= Toxin[3] dairy
Ingredient[12] xcljh >= Toxin[4] soy
Ingredient[13] ndnlm >= Toxin[4] soy
Ingredient[38] zbhp >= Toxin[4] soy
Ingredient[43] fsr >= Toxin[4] soy
Ingredient[38] zbhp >= Toxin[5] wheat
Ingredient[17] skrxt >= Toxin[6] fish
Ingredient[38] zbhp >= Toxin[6] fish
Ingredient[43] fsr >= Toxin[6] fish
Ingredient[12] xcljh >= Toxin[7] peanuts
Ingredient[38] zbhp >= Toxin[7] peanuts
Ingredient[43] fsr >= Toxin[7] peanuts
Ingredient[66] mgbv >= Toxin[7] peanuts
Ingredient[13] ndnlm >= Toxin[8] nuts
Ingredient[17] skrxt >= Toxin[8] nuts
Ingredient[35] lqbcg >= Toxin[8] nuts
Ingredient[38] zbhp >= Toxin[8] nuts

Ingredient[1] zdmhtpg not matched
Ingredient[2] mlcvjc not matched
Ingredient[3] kgdvd not matched
Ingredient[4] htxvfq not matched
Ingredient[5] lxgxp not matched
Ingredient[6] kqxz not matched
Ingredient[7] pfhfb not matched
Ingredient[8] fnkdvt not matched
Ingredient[9] ccn not matched
Ingredient[10] vhbjp not matched
Ingredient[11] hqhnh not matched
Ingredient[14] shc not matched
Ingredient[15] ncrn not matched
Ingredient[16] nrdtprm not matched
Ingredient[18] qrdpc not matched
Ingredient[19] dcvtrq not matched
Ingredient[20] gdmv not matched
Ingredient[21] nxcrg not matched
Ingredient[22] hhxch not matched
Ingredient[23] mv not matched
Ingredient[24] dscm not matched
Ingredient[25] qzln not matched
Ingredient[26] zjlz not matched
Ingredient[27] qkbm not matched
Ingredient[28] dmjzc not matched
Ingredient[29] fjqv not matched
Ingredient[30] jqlp not matched
Ingredient[31] zcxthb not matched
Ingredient[32] sdclrlb not matched
Ingredient[33] bbtn not matched
Ingredient[34] jrspd not matched
Ingredient[36] gdljd not matched
Ingredient[37] mvtkk not matched
Ingredient[39] hcc not matched
Ingredient[40] ntbqk not matched
Ingredient[41] lvft not matched
Ingredient[42] glj not matched
Ingredient[44] hnh not matched
Ingredient[45] nvnx not matched
Ingredient[47] fdqp not matched
Ingredient[48] lctltv not matched
Ingredient[49] hjn not matched
Ingredient[50] mknsj not matched
Ingredient[51] gtsslgk not matched
Ingredient[52] gtdb not matched
Ingredient[53] fzl not matched
Ingredient[54] sgdlhb not matched
Ingredient[55] fzckq not matched
Ingredient[56] kscd not matched
Ingredient[57] dgdn not matched
Ingredient[58] svzfl not matched
Ingredient[59] ctkjrt not matched
Ingredient[60] tkvddn not matched
Ingredient[61] rzhktt not matched
Ingredient[62] zgcf not matched
Ingredient[63] jfm not matched
Ingredient[64] gzhlbn not matched
Ingredient[65] kphbtmkx not matched
Ingredient[67] pkrdz not matched
Ingredient[68] drj not matched
Ingredient[69] lqgn not matched
Ingredient[70] tgkgj not matched
Ingredient[71] zczht not matched
Ingredient[72] tlv not matched
Ingredient[73] lgjsd not matched
Ingredient[74] qfgbx not matched
Ingredient[75] rqxfdd not matched
Ingredient[76] hrtd not matched
Ingredient[77] ktsnt not matched
Ingredient[78] jmt not matched
Ingredient[79] kgfld not matched
Ingredient[80] mxm not matched
Ingredient[81] knfx not matched
Ingredient[82] kshg not matched
Ingredient[83] nhlxntg not matched
Ingredient[84] qpp not matched
Ingredient[85] ssk not matched
Ingredient[86] tgxvz not matched
Ingredient[87] brjcp not matched
Ingredient[88] xjksh not matched
Ingredient[89] fsxf not matched
Ingredient[90] tpdc not matched
Ingredient[91] crjddsgj not matched
Ingredient[92] hcrsbr not matched
Ingredient[93] bgc not matched
Ingredient[94] hxgdp not matched
Ingredient[95] xjqkbq not matched
Ingredient[96] bsgnsc not matched
Ingredient[97] gqkf not matched
Ingredient[98] bzlnnv not matched
Ingredient[99] jjmmn not matched
Ingredient[100] gbmv not matched
Ingredient[101] zdqd not matched
Ingredient[102] nkgzzg not matched
Ingredient[103] fdjrml not matched
Ingredient[104] gnnzj not matched
Ingredient[105] fsxj not matched
Ingredient[106] nrgn not matched
Ingredient[107] gnq not matched
Ingredient[108] sgqrvd not matched
Ingredient[109] sm not matched
Ingredient[110] qjktms not matched
Ingredient[111] jxftql not matched
Ingredient[112] kvqq not matched
Ingredient[113] gppfld not matched
Ingredient[114] flg not matched
Ingredient[115] jjdgtt not matched
Ingredient[116] zkhpc not matched
Ingredient[117] bgjcg not matched
Ingredient[118] jkgf not matched
Ingredient[119] tnvtm not matched
Ingredient[120] rnln not matched
Ingredient[121] cntfq not matched
Ingredient[122] brhmkh not matched
Ingredient[123] rnsqjkq not matched
Ingredient[124] nqbjlf not matched
Ingredient[125] xvzlpx not matched
Ingredient[126] nkcl not matched
Ingredient[127] zfqhnt not matched
Ingredient[128] rglsgs not matched
Ingredient[129] nsnzxsc not matched
Ingredient[130] qgl not matched
Ingredient[131] qszr not matched
Ingredient[132] znzx not matched
Ingredient[133] kgpbh not matched
Ingredient[134] zjkt not matched
Ingredient[135] mhqxk not matched
Ingredient[136] bgjs not matched
Ingredient[137] rfcl not matched
Ingredient[138] ndvnj not matched
Ingredient[139] ptcnh not matched
Ingredient[140] xntpsg not matched
Ingredient[141] xxbnf not matched
Ingredient[142] tgkxxjm not matched
Ingredient[143] ncksb not matched
Ingredient[144] hkdls not matched
Ingredient[145] krhmfb not matched
Ingredient[146] tmlm not matched
Ingredient[147] rpqss not matched
Ingredient[148] ckzg not matched
Ingredient[149] jdcbc not matched
Ingredient[150] kvhbj not matched
Ingredient[151] nrlbfc not matched
Ingredient[152] tkxxdnh not matched
Ingredient[153] qjn not matched
Ingredient[154] vchxzh not matched
Ingredient[155] tvgcv not matched
Ingredient[156] hpsrqbl not matched
Ingredient[157] nzxs not matched
Ingredient[158] qbvxrbs not matched
Ingredient[159] jvgbct not matched
Ingredient[160] bhghks not matched
Ingredient[161] tkqp not matched
Ingredient[162] gfq not matched
Ingredient[163] zmnflgt not matched
Ingredient[164] gzthtlg not matched
Ingredient[165] mkmcq not matched
Ingredient[166] chjqncr not matched
Ingredient[167] kssncfd not matched
Ingredient[168] bdfmncs not matched
Ingredient[169] bqjqf not matched
Ingredient[170] bpvmb not matched
Ingredient[171] ltjt not matched
Ingredient[172] bbxsn not matched
Ingredient[173] rpgrk not matched
Ingredient[174] svjp not matched
Ingredient[175] nxcsxc not matched
Ingredient[176] lvtj not matched
Ingredient[177] prgj not matched
Ingredient[178] hnvhqczc not matched
Ingredient[179] skkt not matched
Ingredient[180] lsll not matched
Ingredient[181] hvrrhc not matched
Ingredient[182] nxbn not matched
Ingredient[183] kpzbxfp not matched
Ingredient[184] gfzjc not matched
Ingredient[185] lpm not matched
Ingredient[186] bsdc not matched
Ingredient[187] xcsxh not matched
Ingredient[188] lfgh not matched
Ingredient[189] zsggkm not matched
Ingredient[190] pvnr not matched
Ingredient[191] lhcm not matched
Ingredient[192] xjcvt not matched
Ingredient[193] fmcnhq not matched
Ingredient[194] prgjph not matched
Ingredient[195] hnnmrxh not matched
Ingredient[196] dftg not matched
Ingredient[197] qckqc not matched
Ingredient[198] zlfm not matched
Ingredient[199] pvpfn not matched
Ingredient[200] xbdhth not matched
Unmatched Count : 2389
Possible Toxins
Ingredient[12] xcljh
Ingredient[13] ndnlm
Ingredient[17] skrxt
Ingredient[35] lqbcg
Ingredient[38] zbhp
Ingredient[43] fsr
Ingredient[46] dvjrrkv
Ingredient[66] mgbv

Toxic Candidate Counts

Toxin[1]: sesame  Count = 3
Toxin[2]: shellfish  Count = 2
Toxin[3]: dairy  Count = 2
Toxin[4]: soy  Count = 4
Toxin[5]: wheat  Count = 1
Toxin[6]: fish  Count = 3
Toxin[7]: peanuts  Count = 4
Toxin[8]: nuts  Count = 4

Do an elimination

Eliminate wheat zbhp
++++++++++++++++++

Do an elimination

Eliminate shellfish ndnlm
Eliminate dairy fsr
++++++++++++++++++

Do an elimination

Eliminate soy xcljh
Eliminate fish skrxt
++++++++++++++++++

Do an elimination

Eliminate sesame dvjrrkv
Eliminate peanuts mgbv
Eliminate nuts lqbcg
++++++++++++++++++
     0.031 seconds
